2026-02-18 09:31:25 | INFO     | core.api:log_and_catch_middleware:269 - IP: 127.0.0.1 | GET /admin/logs | Status: 200
2026-02-18 09:31:28 | INFO     | core.api:log_and_catch_middleware:269 - IP: 127.0.0.1 | GET /admin/logs | Status: 200
2026-02-18 09:31:29 | INFO     | core.api:log_and_catch_middleware:269 - IP: 127.0.0.1 | GET /admin/logs | Status: 200
2026-02-18 09:31:30 | INFO     | core.api:log_and_catch_middleware:269 - IP: 127.0.0.1 | GET /admin/logs | Status: 200
2026-02-18 09:37:02 | INFO     | core.api:log_and_catch_middleware:269 - IP: 127.0.0.1 | GET /openapi.json | Status: 200
2026-02-18 11:35:10 | INFO     | core.api:log_and_catch_middleware:269 - IP: 127.0.0.1 | GET /openapi.json | Status: 200
2026-02-18 11:35:54 | INFO     | core.api:log_and_catch_middleware:270 - IP: 127.0.0.1 | GET /openapi.json | Status: 200
2026-02-18 11:35:56 | INFO     | core.api:log_and_catch_middleware:270 - IP: 127.0.0.1 | GET /apiDocs | Status: 200
2026-02-18 11:35:56 | INFO     | core.api:log_and_catch_middleware:270 - IP: 127.0.0.1 | GET /openapi.json | Status: 200
2026-02-18 11:40:24 | INFO     | core.api:log_and_catch_middleware:270 - IP: 127.0.0.1 | GET /admin/logs | Status: 200
2026-02-18 11:40:26 | INFO     | core.api:log_and_catch_middleware:270 - IP: 127.0.0.1 | GET /admin/logs | Status: 200
2026-02-18 11:40:27 | INFO     | core.api:log_and_catch_middleware:270 - IP: 127.0.0.1 | GET /admin/logs | Status: 200
2026-02-18 17:31:05 | ERROR    | core.api:log_and_catch_middleware:270 - IP: 127.0.0.1 | GET /BLE/start | Status: 422
2026-02-18 17:31:20 | INFO     | core.api:log_and_catch_middleware:270 - IP: 127.0.0.1 | GET /BLE/start | Status: 200
2026-02-18 17:31:27 | INFO     | core.api:log_and_catch_middleware:270 - IP: 127.0.0.1 | GET /BLE/start | Status: 200
2026-02-18 17:32:09 | INFO     | core.api:log_and_catch_middleware:270 - IP: 127.0.0.1 | GET /BLE/start | Status: 200
2026-02-18 17:32:10 | INFO     | core.api:log_and_catch_middleware:270 - IP: 127.0.0.1 | GET /BLE/start | Status: 200
2026-02-18 17:32:36 | INFO     | core.api:log_and_catch_middleware:270 - IP: 127.0.0.1 | GET /BLE/start | Status: 200
2026-02-18 17:32:39 | INFO     | core.api:log_and_catch_middleware:270 - IP: 127.0.0.1 | GET /BLE/start | Status: 200
2026-02-18 17:32:52 | INFO     | core.api:log_and_catch_middleware:270 - IP: 127.0.0.1 | GET /BLE/start | Status: 200
2026-02-18 17:32:53 | INFO     | core.api:log_and_catch_middleware:270 - IP: 127.0.0.1 | GET /BLE/start | Status: 200
2026-02-18 17:33:24 | INFO     | core.api:log_and_catch_middleware:270 - IP: 127.0.0.1 | GET /BLE/start | Status: 200
2026-02-18 17:34:28 | INFO     | main:connect:63 - gRPC connected to localhost:50051
2026-02-18 17:34:31 | INFO     | core.api:log_and_catch_middleware:270 - IP: 127.0.0.1 | GET /BLE/start | Status: 200
2026-02-18 17:34:48 | INFO     | main:close:82 - gRPC connection closed
2026-02-18 17:34:49 | INFO     | main:connect:63 - gRPC connected to localhost:50051
2026-02-18 17:34:49 | ERROR    | core.api:log_and_catch_middleware:257 - An error has been caught in function 'log_and_catch_middleware', process 'SpawnProcess-128' (2398320), thread 'MainThread' (140191730412480):
Traceback (most recent call last):

  File "/home/amrit/Documents/Code/engineering/projects/fast-app/venv/lib/python3.14/site-packages/fastapi/encoders.py", line 328, in jsonable_encoder
    data = dict(obj)
                └ <google._upb._message.Descriptor object at 0x7f80e3e163e0>

TypeError: 'google._upb._message.Descriptor' object is not iterable


During handling of the above exception, another exception occurred:


Traceback (most recent call last):

  File "/home/amrit/Documents/Code/engineering/projects/fast-app/venv/lib/python3.14/site-packages/fastapi/encoders.py", line 333, in jsonable_encoder
    data = vars(obj)
                └ <google._upb._message.Descriptor object at 0x7f80e3e163e0>

TypeError: vars() argument must have __dict__ attribute


The above exception was the direct cause of the following exception:


Traceback (most recent call last):

  File "<string>", line 1, in <module>
  File "/usr/lib/python3.14/multiprocessing/spawn.py", line 122, in spawn_main
    exitcode = _main(fd, parent_sentinel)
               │     │   └ 3
               │     └ 15
               └ <function _main at 0x7f80ed44f530>
  File "/usr/lib/python3.14/multiprocessing/spawn.py", line 135, in _main
    return self._bootstrap(parent_sentinel)
           │    │          └ 3
           │    └ <function BaseProcess._bootstrap at 0x7f80ed523690>
           └ <SpawnProcess name='SpawnProcess-128' parent=2264184 started>
  File "/usr/lib/python3.14/multiprocessing/process.py", line 320, in _bootstrap
    self.run()
    │    └ <function BaseProcess.run at 0x7f80ed522a30>
    └ <SpawnProcess name='SpawnProcess-128' parent=2264184 started>
  File "/usr/lib/python3.14/multiprocessing/process.py", line 108, in run
    self._target(*self._args, **self._kwargs)
    │    │        │    │        │    └ {'config': <uvicorn.config.Config object at 0x7f80ed3e6270>, 'target': <bound method Server.run of <uvicorn.server.Server obj...
    │    │        │    │        └ <SpawnProcess name='SpawnProcess-128' parent=2264184 started>
    │    │        │    └ ()
    │    │        └ <SpawnProcess name='SpawnProcess-128' parent=2264184 started>
    │    └ <function subprocess_started at 0x7f80e98c2770>
    └ <SpawnProcess name='SpawnProcess-128' parent=2264184 started>
  File "/home/amrit/Documents/Code/engineering/projects/fast-app/venv/lib/python3.14/site-packages/uvicorn/_subprocess.py", line 80, in subprocess_started
    target(sockets=sockets)
    │              └ [<socket.socket fd=9, family=2, type=1, proto=0, laddr=('127.0.0.1', 8000)>]
    └ <bound method Server.run of <uvicorn.server.Server object at 0x7f80e9b47b60>>
  File "/home/amrit/Documents/Code/engineering/projects/fast-app/venv/lib/python3.14/site-packages/uvicorn/server.py", line 67, in run
    return asyncio_run(self.serve(sockets=sockets), loop_factory=self.config.get_loop_factory())
           │           │    │             │                      │    │      └ <function Config.get_loop_factory at 0x7f80e98c0510>
           │           │    │             │                      │    └ <uvicorn.config.Config object at 0x7f80ed3e6270>
           │           │    │             │                      └ <uvicorn.server.Server object at 0x7f80e9b47b60>
           │           │    │             └ [<socket.socket fd=9, family=2, type=1, proto=0, laddr=('127.0.0.1', 8000)>]
           │           │    └ <function Server.serve at 0x7f80e98c1170>
           │           └ <uvicorn.server.Server object at 0x7f80e9b47b60>
           └ <function run at 0x7f80ea14a8d0>
  File "/usr/lib/python3.14/asyncio/runners.py", line 204, in run
    return runner.run(main)
           │      │   └ <coroutine object Server.serve at 0x7f80e8fb9e40>
           │      └ <function Runner.run at 0x7f80ea14acf0>
           └ <asyncio.runners.Runner object at 0x7f80e910e660>
  File "/usr/lib/python3.14/asyncio/runners.py", line 127, in run
    return self._loop.run_until_complete(task)
           │    │     │                  └ <Task pending name='Task-1' coro=<Server.serve() running at /home/amrit/Documents/Code/engineering/projects/fast-app/venv/lib...
           │    │     └ <cyfunction Loop.run_until_complete at 0x7f80e913ed40>
           │    └ <uvloop.Loop running=True closed=False debug=False>
           └ <asyncio.runners.Runner object at 0x7f80e910e660>
  File "/home/amrit/Documents/Code/engineering/projects/fast-app/venv/lib/python3.14/site-packages/starlette/middleware/base.py", line 144, in coro
    await self.app(scope, receive_or_disconnect, send_no_error)
          │    │   │      │                      └ <function BaseHTTPMiddleware.__call__.<locals>.call_next.<locals>.send_no_error at 0x7f80e0096c40>
          │    │   │      └ <function BaseHTTPMiddleware.__call__.<locals>.call_next.<locals>.receive_or_disconnect at 0x7f80e0096ae0>
          │    │   └ {'type': 'http', 'asgi': {'version': '3.0', 'spec_version': '2.3'}, 'http_version': '1.1', 'server': ('127.0.0.1', 8000), 'cl...
          │    └ <starlette.middleware.base.BaseHTTPMiddleware object at 0x7f80e221d160>
          └ <starlette.middleware.base.BaseHTTPMiddleware object at 0x7f80e2b579d0>
  File "/home/amrit/Documents/Code/engineering/projects/fast-app/venv/lib/python3.14/site-packages/starlette/middleware/base.py", line 193, in __call__
    response = await self.dispatch_func(request, call_next)
                     │    │             │        └ <function BaseHTTPMiddleware.__call__.<locals>.call_next at 0x7f80e0097060>
                     │    │             └ <starlette.middleware.base._CachedRequest object at 0x7f80e2b57d90>
                     │    └ <function FastMVPEngine._setup_logging.<locals>.log_and_catch_middleware at 0x7f80e2aa0460>
                     └ <starlette.middleware.base.BaseHTTPMiddleware object at 0x7f80e221d160>

> File "/home/amrit/Documents/Code/engineering/projects/fast-app/core/api.py", line 258, in log_and_catch_middleware
    response = await call_next(request)
                     │         └ <starlette.middleware.base._CachedRequest object at 0x7f80e2b57d90>
                     └ <function BaseHTTPMiddleware.__call__.<locals>.call_next at 0x7f80e0097060>

  File "/home/amrit/Documents/Code/engineering/projects/fast-app/venv/lib/python3.14/site-packages/starlette/middleware/base.py", line 168, in call_next
    raise app_exc from app_exc.__cause__ or app_exc.__context__
          │            │       │            │       └ <attribute '__context__' of 'BaseException' objects>
          │            │       │            └ ValueError([TypeError("'google._upb._message.Descriptor' object is not iterable"), TypeError('vars() argument must have __dic...
          │            │       └ <attribute '__cause__' of 'BaseException' objects>
          │            └ ValueError([TypeError("'google._upb._message.Descriptor' object is not iterable"), TypeError('vars() argument must have __dic...
          └ ValueError([TypeError("'google._upb._message.Descriptor' object is not iterable"), TypeError('vars() argument must have __dic...
  File "/home/amrit/Documents/Code/engineering/projects/fast-app/venv/lib/python3.14/site-packages/starlette/middleware/base.py", line 144, in coro
    await self.app(scope, receive_or_disconnect, send_no_error)
          │    │   │      │                      └ <function BaseHTTPMiddleware.__call__.<locals>.call_next.<locals>.send_no_error at 0x7f80e00975e0>
          │    │   │      └ <function BaseHTTPMiddleware.__call__.<locals>.call_next.<locals>.receive_or_disconnect at 0x7f80e0097480>
          │    │   └ {'type': 'http', 'asgi': {'version': '3.0', 'spec_version': '2.3'}, 'http_version': '1.1', 'server': ('127.0.0.1', 8000), 'cl...
          │    └ <starlette.middleware.exceptions.ExceptionMiddleware object at 0x7f80e221cec0>
          └ <starlette.middleware.base.BaseHTTPMiddleware object at 0x7f80e221d160>
  File "/home/amrit/Documents/Code/engineering/projects/fast-app/venv/lib/python3.14/site-packages/starlette/middleware/exceptions.py", line 63, in __call__
    await wrap_app_handling_exceptions(self.app, conn)(scope, receive, send)
          │                            │    │    │     │      │        └ <function BaseHTTPMiddleware.__call__.<locals>.call_next.<locals>.send_no_error at 0x7f80e00975e0>
          │                            │    │    │     │      └ <function BaseHTTPMiddleware.__call__.<locals>.call_next.<locals>.receive_or_disconnect at 0x7f80e0097480>
          │                            │    │    │     └ {'type': 'http', 'asgi': {'version': '3.0', 'spec_version': '2.3'}, 'http_version': '1.1', 'server': ('127.0.0.1', 8000), 'cl...
          │                            │    │    └ <starlette.requests.Request object at 0x7f80e221f620>
          │                            │    └ <fastapi.middleware.asyncexitstack.AsyncExitStackMiddleware object at 0x7f80e221cc20>
          │                            └ <starlette.middleware.exceptions.ExceptionMiddleware object at 0x7f80e221cec0>
          └ <function wrap_app_handling_exceptions at 0x7f80e9bf83b0>
  File "/home/amrit/Documents/Code/engineering/projects/fast-app/venv/lib/python3.14/site-packages/starlette/_exception_handler.py", line 53, in wrapped_app
    raise exc
  File "/home/amrit/Documents/Code/engineering/projects/fast-app/venv/lib/python3.14/site-packages/starlette/_exception_handler.py", line 42, in wrapped_app
    await app(scope, receive, sender)
          │   │      │        └ <function wrap_app_handling_exceptions.<locals>.wrapped_app.<locals>.sender at 0x7f80e0097b60>
          │   │      └ <function BaseHTTPMiddleware.__call__.<locals>.call_next.<locals>.receive_or_disconnect at 0x7f80e0097480>
          │   └ {'type': 'http', 'asgi': {'version': '3.0', 'spec_version': '2.3'}, 'http_version': '1.1', 'server': ('127.0.0.1', 8000), 'cl...
          └ <fastapi.middleware.asyncexitstack.AsyncExitStackMiddleware object at 0x7f80e221cc20>
  File "/home/amrit/Documents/Code/engineering/projects/fast-app/venv/lib/python3.14/site-packages/fastapi/middleware/asyncexitstack.py", line 18, in __call__
    await self.app(scope, receive, send)
          │    │   │      │        └ <function wrap_app_handling_exceptions.<locals>.wrapped_app.<locals>.sender at 0x7f80e0097b60>
          │    │   │      └ <function BaseHTTPMiddleware.__call__.<locals>.call_next.<locals>.receive_or_disconnect at 0x7f80e0097480>
          │    │   └ {'type': 'http', 'asgi': {'version': '3.0', 'spec_version': '2.3'}, 'http_version': '1.1', 'server': ('127.0.0.1', 8000), 'cl...
          │    └ <fastapi.routing.APIRouter object at 0x7f80e3ef3610>
          └ <fastapi.middleware.asyncexitstack.AsyncExitStackMiddleware object at 0x7f80e221cc20>
  File "/home/amrit/Documents/Code/engineering/projects/fast-app/venv/lib/python3.14/site-packages/starlette/routing.py", line 716, in __call__
    await self.middleware_stack(scope, receive, send)
          │    │                │      │        └ <function wrap_app_handling_exceptions.<locals>.wrapped_app.<locals>.sender at 0x7f80e0097b60>
          │    │                │      └ <function BaseHTTPMiddleware.__call__.<locals>.call_next.<locals>.receive_or_disconnect at 0x7f80e0097480>
          │    │                └ {'type': 'http', 'asgi': {'version': '3.0', 'spec_version': '2.3'}, 'http_version': '1.1', 'server': ('127.0.0.1', 8000), 'cl...
          │    └ <bound method Router.app of <fastapi.routing.APIRouter object at 0x7f80e3ef3610>>
          └ <fastapi.routing.APIRouter object at 0x7f80e3ef3610>
  File "/home/amrit/Documents/Code/engineering/projects/fast-app/venv/lib/python3.14/site-packages/starlette/routing.py", line 736, in app
    await route.handle(scope, receive, send)
          │     │      │      │        └ <function wrap_app_handling_exceptions.<locals>.wrapped_app.<locals>.sender at 0x7f80e0097b60>
          │     │      │      └ <function BaseHTTPMiddleware.__call__.<locals>.call_next.<locals>.receive_or_disconnect at 0x7f80e0097480>
          │     │      └ {'type': 'http', 'asgi': {'version': '3.0', 'spec_version': '2.3'}, 'http_version': '1.1', 'server': ('127.0.0.1', 8000), 'cl...
          │     └ <function Route.handle at 0x7f80e9bfb060>
          └ APIRoute(path='/BLE/start', name='start_scan', methods=['GET'])
  File "/home/amrit/Documents/Code/engineering/projects/fast-app/venv/lib/python3.14/site-packages/starlette/routing.py", line 290, in handle
    await self.app(scope, receive, send)
          │    │   │      │        └ <function wrap_app_handling_exceptions.<locals>.wrapped_app.<locals>.sender at 0x7f80e0097b60>
          │    │   │      └ <function BaseHTTPMiddleware.__call__.<locals>.call_next.<locals>.receive_or_disconnect at 0x7f80e0097480>
          │    │   └ {'type': 'http', 'asgi': {'version': '3.0', 'spec_version': '2.3'}, 'http_version': '1.1', 'server': ('127.0.0.1', 8000), 'cl...
          │    └ <function request_response.<locals>.app at 0x7f80e2212da0>
          └ APIRoute(path='/BLE/start', name='start_scan', methods=['GET'])
  File "/home/amrit/Documents/Code/engineering/projects/fast-app/venv/lib/python3.14/site-packages/fastapi/routing.py", line 119, in app
    await wrap_app_handling_exceptions(app, request)(scope, receive, send)
          │                            │    │        │      │        └ <function wrap_app_handling_exceptions.<locals>.wrapped_app.<locals>.sender at 0x7f80e0097b60>
          │                            │    │        │      └ <function BaseHTTPMiddleware.__call__.<locals>.call_next.<locals>.receive_or_disconnect at 0x7f80e0097480>
          │                            │    │        └ {'type': 'http', 'asgi': {'version': '3.0', 'spec_version': '2.3'}, 'http_version': '1.1', 'server': ('127.0.0.1', 8000), 'cl...
          │                            │    └ <starlette.requests.Request object at 0x7f80e2231a90>
          │                            └ <function request_response.<locals>.app.<locals>.app at 0x7f80e0097cc0>
          └ <function wrap_app_handling_exceptions at 0x7f80e9bf83b0>
  File "/home/amrit/Documents/Code/engineering/projects/fast-app/venv/lib/python3.14/site-packages/starlette/_exception_handler.py", line 53, in wrapped_app
    raise exc
  File "/home/amrit/Documents/Code/engineering/projects/fast-app/venv/lib/python3.14/site-packages/starlette/_exception_handler.py", line 42, in wrapped_app
    await app(scope, receive, sender)
          │   │      │        └ <function wrap_app_handling_exceptions.<locals>.wrapped_app.<locals>.sender at 0x7f80e0098040>
          │   │      └ <function BaseHTTPMiddleware.__call__.<locals>.call_next.<locals>.receive_or_disconnect at 0x7f80e0097480>
          │   └ {'type': 'http', 'asgi': {'version': '3.0', 'spec_version': '2.3'}, 'http_version': '1.1', 'server': ('127.0.0.1', 8000), 'cl...
          └ <function request_response.<locals>.app.<locals>.app at 0x7f80e0097cc0>
  File "/home/amrit/Documents/Code/engineering/projects/fast-app/venv/lib/python3.14/site-packages/fastapi/routing.py", line 105, in app
    response = await f(request)
                     │ └ <starlette.requests.Request object at 0x7f80e2231a90>
                     └ <function get_request_handler.<locals>.app at 0x7f80e2212c40>
  File "/home/amrit/Documents/Code/engineering/projects/fast-app/venv/lib/python3.14/site-packages/fastapi/routing.py", line 446, in app
    content = await serialize_response(
                    └ <function serialize_response at 0x7f80e9c08250>
  File "/home/amrit/Documents/Code/engineering/projects/fast-app/venv/lib/python3.14/site-packages/fastapi/routing.py", line 301, in serialize_response
    return jsonable_encoder(response_content)
           │                └ {'message': message: "Hello, Scan-with-! Your request was logged."
           │                  , 'status': 'success'}
           └ <function jsonable_encoder at 0x7f80e9bd78a0>
  File "/home/amrit/Documents/Code/engineering/projects/fast-app/venv/lib/python3.14/site-packages/fastapi/encoders.py", line 289, in jsonable_encoder
    encoded_value = jsonable_encoder(
                    └ <function jsonable_encoder at 0x7f80e9bd78a0>
  File "/home/amrit/Documents/Code/engineering/projects/fast-app/venv/lib/python3.14/site-packages/fastapi/encoders.py", line 337, in jsonable_encoder
    return jsonable_encoder(
           └ <function jsonable_encoder at 0x7f80e9bd78a0>
  File "/home/amrit/Documents/Code/engineering/projects/fast-app/venv/lib/python3.14/site-packages/fastapi/encoders.py", line 337, in jsonable_encoder
    return jsonable_encoder(
           └ <function jsonable_encoder at 0x7f80e9bd78a0>
  File "/home/amrit/Documents/Code/engineering/projects/fast-app/venv/lib/python3.14/site-packages/fastapi/encoders.py", line 289, in jsonable_encoder
    encoded_value = jsonable_encoder(
                    └ <function jsonable_encoder at 0x7f80e9bd78a0>
  File "/home/amrit/Documents/Code/engineering/projects/fast-app/venv/lib/python3.14/site-packages/fastapi/encoders.py", line 336, in jsonable_encoder
    raise ValueError(errors) from e
                     └ [TypeError("'google._upb._message.Descriptor' object is not iterable"), TypeError('vars() argument must have __dict__ attribu...

ValueError: [TypeError("'google._upb._message.Descriptor' object is not iterable"), TypeError('vars() argument must have __dict__ attribute')]
2026-02-18 17:34:49 | ERROR    | main:catch_exceptions_middleware:44 - An error has been caught in function 'catch_exceptions_middleware', process 'SpawnProcess-128' (2398320), thread 'MainThread' (140191730412480):
Traceback (most recent call last):

  File "/home/amrit/Documents/Code/engineering/projects/fast-app/venv/lib/python3.14/site-packages/fastapi/encoders.py", line 328, in jsonable_encoder
    data = dict(obj)
                └ <google._upb._message.Descriptor object at 0x7f80e3e163e0>

TypeError: 'google._upb._message.Descriptor' object is not iterable


During handling of the above exception, another exception occurred:


Traceback (most recent call last):

  File "/home/amrit/Documents/Code/engineering/projects/fast-app/venv/lib/python3.14/site-packages/fastapi/encoders.py", line 333, in jsonable_encoder
    data = vars(obj)
                └ <google._upb._message.Descriptor object at 0x7f80e3e163e0>

TypeError: vars() argument must have __dict__ attribute


The above exception was the direct cause of the following exception:


Traceback (most recent call last):

  File "<string>", line 1, in <module>
  File "/usr/lib/python3.14/multiprocessing/spawn.py", line 122, in spawn_main
    exitcode = _main(fd, parent_sentinel)
               │     │   └ 3
               │     └ 15
               └ <function _main at 0x7f80ed44f530>
  File "/usr/lib/python3.14/multiprocessing/spawn.py", line 135, in _main
    return self._bootstrap(parent_sentinel)
           │    │          └ 3
           │    └ <function BaseProcess._bootstrap at 0x7f80ed523690>
           └ <SpawnProcess name='SpawnProcess-128' parent=2264184 started>
  File "/usr/lib/python3.14/multiprocessing/process.py", line 320, in _bootstrap
    self.run()
    │    └ <function BaseProcess.run at 0x7f80ed522a30>
    └ <SpawnProcess name='SpawnProcess-128' parent=2264184 started>
  File "/usr/lib/python3.14/multiprocessing/process.py", line 108, in run
    self._target(*self._args, **self._kwargs)
    │    │        │    │        │    └ {'config': <uvicorn.config.Config object at 0x7f80ed3e6270>, 'target': <bound method Server.run of <uvicorn.server.Server obj...
    │    │        │    │        └ <SpawnProcess name='SpawnProcess-128' parent=2264184 started>
    │    │        │    └ ()
    │    │        └ <SpawnProcess name='SpawnProcess-128' parent=2264184 started>
    │    └ <function subprocess_started at 0x7f80e98c2770>
    └ <SpawnProcess name='SpawnProcess-128' parent=2264184 started>
  File "/home/amrit/Documents/Code/engineering/projects/fast-app/venv/lib/python3.14/site-packages/uvicorn/_subprocess.py", line 80, in subprocess_started
    target(sockets=sockets)
    │              └ [<socket.socket fd=9, family=2, type=1, proto=0, laddr=('127.0.0.1', 8000)>]
    └ <bound method Server.run of <uvicorn.server.Server object at 0x7f80e9b47b60>>
  File "/home/amrit/Documents/Code/engineering/projects/fast-app/venv/lib/python3.14/site-packages/uvicorn/server.py", line 67, in run
    return asyncio_run(self.serve(sockets=sockets), loop_factory=self.config.get_loop_factory())
           │           │    │             │                      │    │      └ <function Config.get_loop_factory at 0x7f80e98c0510>
           │           │    │             │                      │    └ <uvicorn.config.Config object at 0x7f80ed3e6270>
           │           │    │             │                      └ <uvicorn.server.Server object at 0x7f80e9b47b60>
           │           │    │             └ [<socket.socket fd=9, family=2, type=1, proto=0, laddr=('127.0.0.1', 8000)>]
           │           │    └ <function Server.serve at 0x7f80e98c1170>
           │           └ <uvicorn.server.Server object at 0x7f80e9b47b60>
           └ <function run at 0x7f80ea14a8d0>
  File "/usr/lib/python3.14/asyncio/runners.py", line 204, in run
    return runner.run(main)
           │      │   └ <coroutine object Server.serve at 0x7f80e8fb9e40>
           │      └ <function Runner.run at 0x7f80ea14acf0>
           └ <asyncio.runners.Runner object at 0x7f80e910e660>
  File "/usr/lib/python3.14/asyncio/runners.py", line 127, in run
    return self._loop.run_until_complete(task)
           │    │     │                  └ <Task pending name='Task-1' coro=<Server.serve() running at /home/amrit/Documents/Code/engineering/projects/fast-app/venv/lib...
           │    │     └ <cyfunction Loop.run_until_complete at 0x7f80e913ed40>
           │    └ <uvloop.Loop running=True closed=False debug=False>
           └ <asyncio.runners.Runner object at 0x7f80e910e660>
  File "/home/amrit/Documents/Code/engineering/projects/fast-app/venv/lib/python3.14/site-packages/uvicorn/protocols/http/httptools_impl.py", line 416, in run_asgi
    result = await app(  # type: ignore[func-returns-value]
                   └ <uvicorn.middleware.proxy_headers.ProxyHeadersMiddleware object at 0x7f80e221c440>
  File "/home/amrit/Documents/Code/engineering/projects/fast-app/venv/lib/python3.14/site-packages/uvicorn/middleware/proxy_headers.py", line 60, in __call__
    return await self.app(scope, receive, send)
                 │    │   │      │        └ <bound method RequestResponseCycle.send of <uvicorn.protocols.http.httptools_impl.RequestResponseCycle object at 0x7f80e221da...
                 │    │   │      └ <bound method RequestResponseCycle.receive of <uvicorn.protocols.http.httptools_impl.RequestResponseCycle object at 0x7f80e22...
                 │    │   └ {'type': 'http', 'asgi': {'version': '3.0', 'spec_version': '2.3'}, 'http_version': '1.1', 'server': ('127.0.0.1', 8000), 'cl...
                 │    └ <fastapi.applications.FastAPI object at 0x7f80e2d86120>
                 └ <uvicorn.middleware.proxy_headers.ProxyHeadersMiddleware object at 0x7f80e221c440>
  File "/home/amrit/Documents/Code/engineering/projects/fast-app/venv/lib/python3.14/site-packages/fastapi/applications.py", line 1134, in __call__
    await super().__call__(scope, receive, send)
                           │      │        └ <bound method RequestResponseCycle.send of <uvicorn.protocols.http.httptools_impl.RequestResponseCycle object at 0x7f80e221da...
                           │      └ <bound method RequestResponseCycle.receive of <uvicorn.protocols.http.httptools_impl.RequestResponseCycle object at 0x7f80e22...
                           └ {'type': 'http', 'asgi': {'version': '3.0', 'spec_version': '2.3'}, 'http_version': '1.1', 'server': ('127.0.0.1', 8000), 'cl...
  File "/home/amrit/Documents/Code/engineering/projects/fast-app/venv/lib/python3.14/site-packages/starlette/applications.py", line 107, in __call__
    await self.middleware_stack(scope, receive, send)
          │    │                │      │        └ <bound method RequestResponseCycle.send of <uvicorn.protocols.http.httptools_impl.RequestResponseCycle object at 0x7f80e221da...
          │    │                │      └ <bound method RequestResponseCycle.receive of <uvicorn.protocols.http.httptools_impl.RequestResponseCycle object at 0x7f80e22...
          │    │                └ {'type': 'http', 'asgi': {'version': '3.0', 'spec_version': '2.3'}, 'http_version': '1.1', 'server': ('127.0.0.1', 8000), 'cl...
          │    └ <starlette.middleware.errors.ServerErrorMiddleware object at 0x7f80e221cd70>
          └ <fastapi.applications.FastAPI object at 0x7f80e2d86120>
  File "/home/amrit/Documents/Code/engineering/projects/fast-app/venv/lib/python3.14/site-packages/starlette/middleware/errors.py", line 164, in __call__
    await self.app(scope, receive, _send)
          │    │   │      │        └ <function ServerErrorMiddleware.__call__.<locals>._send at 0x7f80e2213d70>
          │    │   │      └ <bound method RequestResponseCycle.receive of <uvicorn.protocols.http.httptools_impl.RequestResponseCycle object at 0x7f80e22...
          │    │   └ {'type': 'http', 'asgi': {'version': '3.0', 'spec_version': '2.3'}, 'http_version': '1.1', 'server': ('127.0.0.1', 8000), 'cl...
          │    └ <starlette.middleware.base.BaseHTTPMiddleware object at 0x7f80e2b579d0>
          └ <starlette.middleware.errors.ServerErrorMiddleware object at 0x7f80e221cd70>
  File "/home/amrit/Documents/Code/engineering/projects/fast-app/venv/lib/python3.14/site-packages/starlette/middleware/base.py", line 193, in __call__
    response = await self.dispatch_func(request, call_next)
                     │    │             │        └ <function BaseHTTPMiddleware.__call__.<locals>.call_next at 0x7f80e2213a00>
                     │    │             └ <starlette.middleware.base._CachedRequest object at 0x7f80e221dbe0>
                     │    └ <function catch_exceptions_middleware at 0x7f80e2aa1010>
                     └ <starlette.middleware.base.BaseHTTPMiddleware object at 0x7f80e2b579d0>

> File "/home/amrit/Documents/Code/engineering/projects/fast-app/main.py", line 45, in catch_exceptions_middleware
    return await call_next(request)
                 │         └ <starlette.middleware.base._CachedRequest object at 0x7f80e221dbe0>
                 └ <function BaseHTTPMiddleware.__call__.<locals>.call_next at 0x7f80e2213a00>

  File "/home/amrit/Documents/Code/engineering/projects/fast-app/venv/lib/python3.14/site-packages/starlette/middleware/base.py", line 168, in call_next
    raise app_exc from app_exc.__cause__ or app_exc.__context__
          │            │       │            │       └ <attribute '__context__' of 'BaseException' objects>
          │            │       │            └ ValueError([TypeError("'google._upb._message.Descriptor' object is not iterable"), TypeError('vars() argument must have __dic...
          │            │       └ <attribute '__cause__' of 'BaseException' objects>
          │            └ ValueError([TypeError("'google._upb._message.Descriptor' object is not iterable"), TypeError('vars() argument must have __dic...
          └ ValueError([TypeError("'google._upb._message.Descriptor' object is not iterable"), TypeError('vars() argument must have __dic...
  File "/home/amrit/Documents/Code/engineering/projects/fast-app/venv/lib/python3.14/site-packages/starlette/middleware/base.py", line 144, in coro
    await self.app(scope, receive_or_disconnect, send_no_error)
          │    │   │      │                      └ <function BaseHTTPMiddleware.__call__.<locals>.call_next.<locals>.send_no_error at 0x7f80e0096c40>
          │    │   │      └ <function BaseHTTPMiddleware.__call__.<locals>.call_next.<locals>.receive_or_disconnect at 0x7f80e0096ae0>
          │    │   └ {'type': 'http', 'asgi': {'version': '3.0', 'spec_version': '2.3'}, 'http_version': '1.1', 'server': ('127.0.0.1', 8000), 'cl...
          │    └ <starlette.middleware.base.BaseHTTPMiddleware object at 0x7f80e221d160>
          └ <starlette.middleware.base.BaseHTTPMiddleware object at 0x7f80e2b579d0>
  File "/home/amrit/Documents/Code/engineering/projects/fast-app/venv/lib/python3.14/site-packages/starlette/middleware/base.py", line 191, in __call__
    with recv_stream, send_stream, collapse_excgroups():
         │            │            └ <function collapse_excgroups at 0x7f80e9ca37f0>
         │            └ MemoryObjectSendStream(_state=_MemoryObjectStreamState(max_buffer_size=0, buffer=deque([]), open_send_channels=0, open_receiv...
         └ MemoryObjectReceiveStream(_state=_MemoryObjectStreamState(max_buffer_size=0, buffer=deque([]), open_send_channels=0, open_rec...
  File "/usr/lib/python3.14/contextlib.py", line 162, in __exit__
    self.gen.throw(value)
    │    │   │     └ ExceptionGroup('unhandled errors in a TaskGroup', [ValueError([TypeError("'google._upb._message.Descriptor' object is not ite...
    │    │   └ <method 'throw' of 'generator' objects>
    │    └ <generator object collapse_excgroups at 0x7f80e2284ac0>
    └ <contextlib._GeneratorContextManager object at 0x7f80e22384b0>
  File "/home/amrit/Documents/Code/engineering/projects/fast-app/venv/lib/python3.14/site-packages/starlette/_utils.py", line 87, in collapse_excgroups
    raise exc
  File "/home/amrit/Documents/Code/engineering/projects/fast-app/venv/lib/python3.14/site-packages/starlette/middleware/base.py", line 193, in __call__
    response = await self.dispatch_func(request, call_next)
                     │    │             │        └ <function BaseHTTPMiddleware.__call__.<locals>.call_next at 0x7f80e0097060>
                     │    │             └ <starlette.middleware.base._CachedRequest object at 0x7f80e2b57d90>
                     │    └ <function FastMVPEngine._setup_logging.<locals>.log_and_catch_middleware at 0x7f80e2aa0460>
                     └ <starlette.middleware.base.BaseHTTPMiddleware object at 0x7f80e221d160>

  File "/home/amrit/Documents/Code/engineering/projects/fast-app/core/api.py", line 258, in log_and_catch_middleware
    response = await call_next(request)
                     │         └ <starlette.middleware.base._CachedRequest object at 0x7f80e2b57d90>
                     └ <function BaseHTTPMiddleware.__call__.<locals>.call_next at 0x7f80e0097060>

  File "/home/amrit/Documents/Code/engineering/projects/fast-app/venv/lib/python3.14/site-packages/starlette/middleware/base.py", line 168, in call_next
    raise app_exc from app_exc.__cause__ or app_exc.__context__
          │            │       │            │       └ <attribute '__context__' of 'BaseException' objects>
          │            │       │            └ ValueError([TypeError("'google._upb._message.Descriptor' object is not iterable"), TypeError('vars() argument must have __dic...
          │            │       └ <attribute '__cause__' of 'BaseException' objects>
          │            └ ValueError([TypeError("'google._upb._message.Descriptor' object is not iterable"), TypeError('vars() argument must have __dic...
          └ ValueError([TypeError("'google._upb._message.Descriptor' object is not iterable"), TypeError('vars() argument must have __dic...
  File "/home/amrit/Documents/Code/engineering/projects/fast-app/venv/lib/python3.14/site-packages/starlette/middleware/base.py", line 144, in coro
    await self.app(scope, receive_or_disconnect, send_no_error)
          │    │   │      │                      └ <function BaseHTTPMiddleware.__call__.<locals>.call_next.<locals>.send_no_error at 0x7f80e00975e0>
          │    │   │      └ <function BaseHTTPMiddleware.__call__.<locals>.call_next.<locals>.receive_or_disconnect at 0x7f80e0097480>
          │    │   └ {'type': 'http', 'asgi': {'version': '3.0', 'spec_version': '2.3'}, 'http_version': '1.1', 'server': ('127.0.0.1', 8000), 'cl...
          │    └ <starlette.middleware.exceptions.ExceptionMiddleware object at 0x7f80e221cec0>
          └ <starlette.middleware.base.BaseHTTPMiddleware object at 0x7f80e221d160>
  File "/home/amrit/Documents/Code/engineering/projects/fast-app/venv/lib/python3.14/site-packages/starlette/middleware/exceptions.py", line 63, in __call__
    await wrap_app_handling_exceptions(self.app, conn)(scope, receive, send)
          │                            │    │    │     │      │        └ <function BaseHTTPMiddleware.__call__.<locals>.call_next.<locals>.send_no_error at 0x7f80e00975e0>
          │                            │    │    │     │      └ <function BaseHTTPMiddleware.__call__.<locals>.call_next.<locals>.receive_or_disconnect at 0x7f80e0097480>
          │                            │    │    │     └ {'type': 'http', 'asgi': {'version': '3.0', 'spec_version': '2.3'}, 'http_version': '1.1', 'server': ('127.0.0.1', 8000), 'cl...
          │                            │    │    └ <starlette.requests.Request object at 0x7f80e221f620>
          │                            │    └ <fastapi.middleware.asyncexitstack.AsyncExitStackMiddleware object at 0x7f80e221cc20>
          │                            └ <starlette.middleware.exceptions.ExceptionMiddleware object at 0x7f80e221cec0>
          └ <function wrap_app_handling_exceptions at 0x7f80e9bf83b0>
  File "/home/amrit/Documents/Code/engineering/projects/fast-app/venv/lib/python3.14/site-packages/starlette/_exception_handler.py", line 53, in wrapped_app
    raise exc
  File "/home/amrit/Documents/Code/engineering/projects/fast-app/venv/lib/python3.14/site-packages/starlette/_exception_handler.py", line 42, in wrapped_app
    await app(scope, receive, sender)
          │   │      │        └ <function wrap_app_handling_exceptions.<locals>.wrapped_app.<locals>.sender at 0x7f80e0097b60>
          │   │      └ <function BaseHTTPMiddleware.__call__.<locals>.call_next.<locals>.receive_or_disconnect at 0x7f80e0097480>
          │   └ {'type': 'http', 'asgi': {'version': '3.0', 'spec_version': '2.3'}, 'http_version': '1.1', 'server': ('127.0.0.1', 8000), 'cl...
          └ <fastapi.middleware.asyncexitstack.AsyncExitStackMiddleware object at 0x7f80e221cc20>
  File "/home/amrit/Documents/Code/engineering/projects/fast-app/venv/lib/python3.14/site-packages/fastapi/middleware/asyncexitstack.py", line 18, in __call__
    await self.app(scope, receive, send)
          │    │   │      │        └ <function wrap_app_handling_exceptions.<locals>.wrapped_app.<locals>.sender at 0x7f80e0097b60>
          │    │   │      └ <function BaseHTTPMiddleware.__call__.<locals>.call_next.<locals>.receive_or_disconnect at 0x7f80e0097480>
          │    │   └ {'type': 'http', 'asgi': {'version': '3.0', 'spec_version': '2.3'}, 'http_version': '1.1', 'server': ('127.0.0.1', 8000), 'cl...
          │    └ <fastapi.routing.APIRouter object at 0x7f80e3ef3610>
          └ <fastapi.middleware.asyncexitstack.AsyncExitStackMiddleware object at 0x7f80e221cc20>
  File "/home/amrit/Documents/Code/engineering/projects/fast-app/venv/lib/python3.14/site-packages/starlette/routing.py", line 716, in __call__
    await self.middleware_stack(scope, receive, send)
          │    │                │      │        └ <function wrap_app_handling_exceptions.<locals>.wrapped_app.<locals>.sender at 0x7f80e0097b60>
          │    │                │      └ <function BaseHTTPMiddleware.__call__.<locals>.call_next.<locals>.receive_or_disconnect at 0x7f80e0097480>
          │    │                └ {'type': 'http', 'asgi': {'version': '3.0', 'spec_version': '2.3'}, 'http_version': '1.1', 'server': ('127.0.0.1', 8000), 'cl...
          │    └ <bound method Router.app of <fastapi.routing.APIRouter object at 0x7f80e3ef3610>>
          └ <fastapi.routing.APIRouter object at 0x7f80e3ef3610>
  File "/home/amrit/Documents/Code/engineering/projects/fast-app/venv/lib/python3.14/site-packages/starlette/routing.py", line 736, in app
    await route.handle(scope, receive, send)
          │     │      │      │        └ <function wrap_app_handling_exceptions.<locals>.wrapped_app.<locals>.sender at 0x7f80e0097b60>
          │     │      │      └ <function BaseHTTPMiddleware.__call__.<locals>.call_next.<locals>.receive_or_disconnect at 0x7f80e0097480>
          │     │      └ {'type': 'http', 'asgi': {'version': '3.0', 'spec_version': '2.3'}, 'http_version': '1.1', 'server': ('127.0.0.1', 8000), 'cl...
          │     └ <function Route.handle at 0x7f80e9bfb060>
          └ APIRoute(path='/BLE/start', name='start_scan', methods=['GET'])
  File "/home/amrit/Documents/Code/engineering/projects/fast-app/venv/lib/python3.14/site-packages/starlette/routing.py", line 290, in handle
    await self.app(scope, receive, send)
          │    │   │      │        └ <function wrap_app_handling_exceptions.<locals>.wrapped_app.<locals>.sender at 0x7f80e0097b60>
          │    │   │      └ <function BaseHTTPMiddleware.__call__.<locals>.call_next.<locals>.receive_or_disconnect at 0x7f80e0097480>
          │    │   └ {'type': 'http', 'asgi': {'version': '3.0', 'spec_version': '2.3'}, 'http_version': '1.1', 'server': ('127.0.0.1', 8000), 'cl...
          │    └ <function request_response.<locals>.app at 0x7f80e2212da0>
          └ APIRoute(path='/BLE/start', name='start_scan', methods=['GET'])
  File "/home/amrit/Documents/Code/engineering/projects/fast-app/venv/lib/python3.14/site-packages/fastapi/routing.py", line 119, in app
    await wrap_app_handling_exceptions(app, request)(scope, receive, send)
          │                            │    │        │      │        └ <function wrap_app_handling_exceptions.<locals>.wrapped_app.<locals>.sender at 0x7f80e0097b60>
          │                            │    │        │      └ <function BaseHTTPMiddleware.__call__.<locals>.call_next.<locals>.receive_or_disconnect at 0x7f80e0097480>
          │                            │    │        └ {'type': 'http', 'asgi': {'version': '3.0', 'spec_version': '2.3'}, 'http_version': '1.1', 'server': ('127.0.0.1', 8000), 'cl...
          │                            │    └ <starlette.requests.Request object at 0x7f80e2231a90>
          │                            └ <function request_response.<locals>.app.<locals>.app at 0x7f80e0097cc0>
          └ <function wrap_app_handling_exceptions at 0x7f80e9bf83b0>
  File "/home/amrit/Documents/Code/engineering/projects/fast-app/venv/lib/python3.14/site-packages/starlette/_exception_handler.py", line 53, in wrapped_app
    raise exc
  File "/home/amrit/Documents/Code/engineering/projects/fast-app/venv/lib/python3.14/site-packages/starlette/_exception_handler.py", line 42, in wrapped_app
    await app(scope, receive, sender)
          │   │      │        └ <function wrap_app_handling_exceptions.<locals>.wrapped_app.<locals>.sender at 0x7f80e0098040>
          │   │      └ <function BaseHTTPMiddleware.__call__.<locals>.call_next.<locals>.receive_or_disconnect at 0x7f80e0097480>
          │   └ {'type': 'http', 'asgi': {'version': '3.0', 'spec_version': '2.3'}, 'http_version': '1.1', 'server': ('127.0.0.1', 8000), 'cl...
          └ <function request_response.<locals>.app.<locals>.app at 0x7f80e0097cc0>
  File "/home/amrit/Documents/Code/engineering/projects/fast-app/venv/lib/python3.14/site-packages/fastapi/routing.py", line 105, in app
    response = await f(request)
                     │ └ <starlette.requests.Request object at 0x7f80e2231a90>
                     └ <function get_request_handler.<locals>.app at 0x7f80e2212c40>
  File "/home/amrit/Documents/Code/engineering/projects/fast-app/venv/lib/python3.14/site-packages/fastapi/routing.py", line 446, in app
    content = await serialize_response(
                    └ <function serialize_response at 0x7f80e9c08250>
  File "/home/amrit/Documents/Code/engineering/projects/fast-app/venv/lib/python3.14/site-packages/fastapi/routing.py", line 301, in serialize_response
    return jsonable_encoder(response_content)
           │                └ {'message': message: "Hello, Scan-with-! Your request was logged."
           │                  , 'status': 'success'}
           └ <function jsonable_encoder at 0x7f80e9bd78a0>
  File "/home/amrit/Documents/Code/engineering/projects/fast-app/venv/lib/python3.14/site-packages/fastapi/encoders.py", line 289, in jsonable_encoder
    encoded_value = jsonable_encoder(
                    └ <function jsonable_encoder at 0x7f80e9bd78a0>
  File "/home/amrit/Documents/Code/engineering/projects/fast-app/venv/lib/python3.14/site-packages/fastapi/encoders.py", line 337, in jsonable_encoder
    return jsonable_encoder(
           └ <function jsonable_encoder at 0x7f80e9bd78a0>
  File "/home/amrit/Documents/Code/engineering/projects/fast-app/venv/lib/python3.14/site-packages/fastapi/encoders.py", line 337, in jsonable_encoder
    return jsonable_encoder(
           └ <function jsonable_encoder at 0x7f80e9bd78a0>
  File "/home/amrit/Documents/Code/engineering/projects/fast-app/venv/lib/python3.14/site-packages/fastapi/encoders.py", line 289, in jsonable_encoder
    encoded_value = jsonable_encoder(
                    └ <function jsonable_encoder at 0x7f80e9bd78a0>
  File "/home/amrit/Documents/Code/engineering/projects/fast-app/venv/lib/python3.14/site-packages/fastapi/encoders.py", line 336, in jsonable_encoder
    raise ValueError(errors) from e
                     └ [TypeError("'google._upb._message.Descriptor' object is not iterable"), TypeError('vars() argument must have __dict__ attribu...

ValueError: [TypeError("'google._upb._message.Descriptor' object is not iterable"), TypeError('vars() argument must have __dict__ attribute')]
2026-02-18 17:34:50 | ERROR    | core.api:log_and_catch_middleware:257 - An error has been caught in function 'log_and_catch_middleware', process 'SpawnProcess-128' (2398320), thread 'MainThread' (140191730412480):
Traceback (most recent call last):

  File "/home/amrit/Documents/Code/engineering/projects/fast-app/venv/lib/python3.14/site-packages/fastapi/encoders.py", line 328, in jsonable_encoder
    data = dict(obj)
                └ <google._upb._message.Descriptor object at 0x7f80e3e163e0>

TypeError: 'google._upb._message.Descriptor' object is not iterable


During handling of the above exception, another exception occurred:


Traceback (most recent call last):

  File "/home/amrit/Documents/Code/engineering/projects/fast-app/venv/lib/python3.14/site-packages/fastapi/encoders.py", line 333, in jsonable_encoder
    data = vars(obj)
                └ <google._upb._message.Descriptor object at 0x7f80e3e163e0>

TypeError: vars() argument must have __dict__ attribute


The above exception was the direct cause of the following exception:


Traceback (most recent call last):

  File "<string>", line 1, in <module>
  File "/usr/lib/python3.14/multiprocessing/spawn.py", line 122, in spawn_main
    exitcode = _main(fd, parent_sentinel)
               │     │   └ 3
               │     └ 15
               └ <function _main at 0x7f80ed44f530>
  File "/usr/lib/python3.14/multiprocessing/spawn.py", line 135, in _main
    return self._bootstrap(parent_sentinel)
           │    │          └ 3
           │    └ <function BaseProcess._bootstrap at 0x7f80ed523690>
           └ <SpawnProcess name='SpawnProcess-128' parent=2264184 started>
  File "/usr/lib/python3.14/multiprocessing/process.py", line 320, in _bootstrap
    self.run()
    │    └ <function BaseProcess.run at 0x7f80ed522a30>
    └ <SpawnProcess name='SpawnProcess-128' parent=2264184 started>
  File "/usr/lib/python3.14/multiprocessing/process.py", line 108, in run
    self._target(*self._args, **self._kwargs)
    │    │        │    │        │    └ {'config': <uvicorn.config.Config object at 0x7f80ed3e6270>, 'target': <bound method Server.run of <uvicorn.server.Server obj...
    │    │        │    │        └ <SpawnProcess name='SpawnProcess-128' parent=2264184 started>
    │    │        │    └ ()
    │    │        └ <SpawnProcess name='SpawnProcess-128' parent=2264184 started>
    │    └ <function subprocess_started at 0x7f80e98c2770>
    └ <SpawnProcess name='SpawnProcess-128' parent=2264184 started>
  File "/home/amrit/Documents/Code/engineering/projects/fast-app/venv/lib/python3.14/site-packages/uvicorn/_subprocess.py", line 80, in subprocess_started
    target(sockets=sockets)
    │              └ [<socket.socket fd=9, family=2, type=1, proto=0, laddr=('127.0.0.1', 8000)>]
    └ <bound method Server.run of <uvicorn.server.Server object at 0x7f80e9b47b60>>
  File "/home/amrit/Documents/Code/engineering/projects/fast-app/venv/lib/python3.14/site-packages/uvicorn/server.py", line 67, in run
    return asyncio_run(self.serve(sockets=sockets), loop_factory=self.config.get_loop_factory())
           │           │    │             │                      │    │      └ <function Config.get_loop_factory at 0x7f80e98c0510>
           │           │    │             │                      │    └ <uvicorn.config.Config object at 0x7f80ed3e6270>
           │           │    │             │                      └ <uvicorn.server.Server object at 0x7f80e9b47b60>
           │           │    │             └ [<socket.socket fd=9, family=2, type=1, proto=0, laddr=('127.0.0.1', 8000)>]
           │           │    └ <function Server.serve at 0x7f80e98c1170>
           │           └ <uvicorn.server.Server object at 0x7f80e9b47b60>
           └ <function run at 0x7f80ea14a8d0>
  File "/usr/lib/python3.14/asyncio/runners.py", line 204, in run
    return runner.run(main)
           │      │   └ <coroutine object Server.serve at 0x7f80e8fb9e40>
           │      └ <function Runner.run at 0x7f80ea14acf0>
           └ <asyncio.runners.Runner object at 0x7f80e910e660>
  File "/usr/lib/python3.14/asyncio/runners.py", line 127, in run
    return self._loop.run_until_complete(task)
           │    │     │                  └ <Task pending name='Task-1' coro=<Server.serve() running at /home/amrit/Documents/Code/engineering/projects/fast-app/venv/lib...
           │    │     └ <cyfunction Loop.run_until_complete at 0x7f80e913ed40>
           │    └ <uvloop.Loop running=True closed=False debug=False>
           └ <asyncio.runners.Runner object at 0x7f80e910e660>
  File "/home/amrit/Documents/Code/engineering/projects/fast-app/venv/lib/python3.14/site-packages/starlette/middleware/base.py", line 144, in coro
    await self.app(scope, receive_or_disconnect, send_no_error)
          │    │   │      │                      └ <function BaseHTTPMiddleware.__call__.<locals>.call_next.<locals>.send_no_error at 0x7f80e009b270>
          │    │   │      └ <function BaseHTTPMiddleware.__call__.<locals>.call_next.<locals>.receive_or_disconnect at 0x7f80e009b110>
          │    │   └ {'type': 'http', 'asgi': {'version': '3.0', 'spec_version': '2.3'}, 'http_version': '1.1', 'server': ('127.0.0.1', 8000), 'cl...
          │    └ <starlette.middleware.base.BaseHTTPMiddleware object at 0x7f80e221d160>
          └ <starlette.middleware.base.BaseHTTPMiddleware object at 0x7f80e2b579d0>
  File "/home/amrit/Documents/Code/engineering/projects/fast-app/venv/lib/python3.14/site-packages/starlette/middleware/base.py", line 193, in __call__
    response = await self.dispatch_func(request, call_next)
                     │    │             │        └ <function BaseHTTPMiddleware.__call__.<locals>.call_next at 0x7f80e009b740>
                     │    │             └ <starlette.middleware.base._CachedRequest object at 0x7f80e221a190>
                     │    └ <function FastMVPEngine._setup_logging.<locals>.log_and_catch_middleware at 0x7f80e2aa0460>
                     └ <starlette.middleware.base.BaseHTTPMiddleware object at 0x7f80e221d160>

> File "/home/amrit/Documents/Code/engineering/projects/fast-app/core/api.py", line 258, in log_and_catch_middleware
    response = await call_next(request)
                     │         └ <starlette.middleware.base._CachedRequest object at 0x7f80e221a190>
                     └ <function BaseHTTPMiddleware.__call__.<locals>.call_next at 0x7f80e009b740>

  File "/home/amrit/Documents/Code/engineering/projects/fast-app/venv/lib/python3.14/site-packages/starlette/middleware/base.py", line 168, in call_next
    raise app_exc from app_exc.__cause__ or app_exc.__context__
          │            │       │            │       └ <attribute '__context__' of 'BaseException' objects>
          │            │       │            └ ValueError([TypeError("'google._upb._message.Descriptor' object is not iterable"), TypeError('vars() argument must have __dic...
          │            │       └ <attribute '__cause__' of 'BaseException' objects>
          │            └ ValueError([TypeError("'google._upb._message.Descriptor' object is not iterable"), TypeError('vars() argument must have __dic...
          └ ValueError([TypeError("'google._upb._message.Descriptor' object is not iterable"), TypeError('vars() argument must have __dic...
  File "/home/amrit/Documents/Code/engineering/projects/fast-app/venv/lib/python3.14/site-packages/starlette/middleware/base.py", line 144, in coro
    await self.app(scope, receive_or_disconnect, send_no_error)
          │    │   │      │                      └ <function BaseHTTPMiddleware.__call__.<locals>.call_next.<locals>.send_no_error at 0x7f80e009bcc0>
          │    │   │      └ <function BaseHTTPMiddleware.__call__.<locals>.call_next.<locals>.receive_or_disconnect at 0x7f80e009bb60>
          │    │   └ {'type': 'http', 'asgi': {'version': '3.0', 'spec_version': '2.3'}, 'http_version': '1.1', 'server': ('127.0.0.1', 8000), 'cl...
          │    └ <starlette.middleware.exceptions.ExceptionMiddleware object at 0x7f80e221cec0>
          └ <starlette.middleware.base.BaseHTTPMiddleware object at 0x7f80e221d160>
  File "/home/amrit/Documents/Code/engineering/projects/fast-app/venv/lib/python3.14/site-packages/starlette/middleware/exceptions.py", line 63, in __call__
    await wrap_app_handling_exceptions(self.app, conn)(scope, receive, send)
          │                            │    │    │     │      │        └ <function BaseHTTPMiddleware.__call__.<locals>.call_next.<locals>.send_no_error at 0x7f80e009bcc0>
          │                            │    │    │     │      └ <function BaseHTTPMiddleware.__call__.<locals>.call_next.<locals>.receive_or_disconnect at 0x7f80e009bb60>
          │                            │    │    │     └ {'type': 'http', 'asgi': {'version': '3.0', 'spec_version': '2.3'}, 'http_version': '1.1', 'server': ('127.0.0.1', 8000), 'cl...
          │                            │    │    └ <starlette.requests.Request object at 0x7f80e221a9e0>
          │                            │    └ <fastapi.middleware.asyncexitstack.AsyncExitStackMiddleware object at 0x7f80e221cc20>
          │                            └ <starlette.middleware.exceptions.ExceptionMiddleware object at 0x7f80e221cec0>
          └ <function wrap_app_handling_exceptions at 0x7f80e9bf83b0>
  File "/home/amrit/Documents/Code/engineering/projects/fast-app/venv/lib/python3.14/site-packages/starlette/_exception_handler.py", line 53, in wrapped_app
    raise exc
  File "/home/amrit/Documents/Code/engineering/projects/fast-app/venv/lib/python3.14/site-packages/starlette/_exception_handler.py", line 42, in wrapped_app
    await app(scope, receive, sender)
          │   │      │        └ <function wrap_app_handling_exceptions.<locals>.wrapped_app.<locals>.sender at 0x7f80d0738300>
          │   │      └ <function BaseHTTPMiddleware.__call__.<locals>.call_next.<locals>.receive_or_disconnect at 0x7f80e009bb60>
          │   └ {'type': 'http', 'asgi': {'version': '3.0', 'spec_version': '2.3'}, 'http_version': '1.1', 'server': ('127.0.0.1', 8000), 'cl...
          └ <fastapi.middleware.asyncexitstack.AsyncExitStackMiddleware object at 0x7f80e221cc20>
  File "/home/amrit/Documents/Code/engineering/projects/fast-app/venv/lib/python3.14/site-packages/fastapi/middleware/asyncexitstack.py", line 18, in __call__
    await self.app(scope, receive, send)
          │    │   │      │        └ <function wrap_app_handling_exceptions.<locals>.wrapped_app.<locals>.sender at 0x7f80d0738300>
          │    │   │      └ <function BaseHTTPMiddleware.__call__.<locals>.call_next.<locals>.receive_or_disconnect at 0x7f80e009bb60>
          │    │   └ {'type': 'http', 'asgi': {'version': '3.0', 'spec_version': '2.3'}, 'http_version': '1.1', 'server': ('127.0.0.1', 8000), 'cl...
          │    └ <fastapi.routing.APIRouter object at 0x7f80e3ef3610>
          └ <fastapi.middleware.asyncexitstack.AsyncExitStackMiddleware object at 0x7f80e221cc20>
  File "/home/amrit/Documents/Code/engineering/projects/fast-app/venv/lib/python3.14/site-packages/starlette/routing.py", line 716, in __call__
    await self.middleware_stack(scope, receive, send)
          │    │                │      │        └ <function wrap_app_handling_exceptions.<locals>.wrapped_app.<locals>.sender at 0x7f80d0738300>
          │    │                │      └ <function BaseHTTPMiddleware.__call__.<locals>.call_next.<locals>.receive_or_disconnect at 0x7f80e009bb60>
          │    │                └ {'type': 'http', 'asgi': {'version': '3.0', 'spec_version': '2.3'}, 'http_version': '1.1', 'server': ('127.0.0.1', 8000), 'cl...
          │    └ <bound method Router.app of <fastapi.routing.APIRouter object at 0x7f80e3ef3610>>
          └ <fastapi.routing.APIRouter object at 0x7f80e3ef3610>
  File "/home/amrit/Documents/Code/engineering/projects/fast-app/venv/lib/python3.14/site-packages/starlette/routing.py", line 736, in app
    await route.handle(scope, receive, send)
          │     │      │      │        └ <function wrap_app_handling_exceptions.<locals>.wrapped_app.<locals>.sender at 0x7f80d0738300>
          │     │      │      └ <function BaseHTTPMiddleware.__call__.<locals>.call_next.<locals>.receive_or_disconnect at 0x7f80e009bb60>
          │     │      └ {'type': 'http', 'asgi': {'version': '3.0', 'spec_version': '2.3'}, 'http_version': '1.1', 'server': ('127.0.0.1', 8000), 'cl...
          │     └ <function Route.handle at 0x7f80e9bfb060>
          └ APIRoute(path='/BLE/start', name='start_scan', methods=['GET'])
  File "/home/amrit/Documents/Code/engineering/projects/fast-app/venv/lib/python3.14/site-packages/starlette/routing.py", line 290, in handle
    await self.app(scope, receive, send)
          │    │   │      │        └ <function wrap_app_handling_exceptions.<locals>.wrapped_app.<locals>.sender at 0x7f80d0738300>
          │    │   │      └ <function BaseHTTPMiddleware.__call__.<locals>.call_next.<locals>.receive_or_disconnect at 0x7f80e009bb60>
          │    │   └ {'type': 'http', 'asgi': {'version': '3.0', 'spec_version': '2.3'}, 'http_version': '1.1', 'server': ('127.0.0.1', 8000), 'cl...
          │    └ <function request_response.<locals>.app at 0x7f80e2212da0>
          └ APIRoute(path='/BLE/start', name='start_scan', methods=['GET'])
  File "/home/amrit/Documents/Code/engineering/projects/fast-app/venv/lib/python3.14/site-packages/fastapi/routing.py", line 119, in app
    await wrap_app_handling_exceptions(app, request)(scope, receive, send)
          │                            │    │        │      │        └ <function wrap_app_handling_exceptions.<locals>.wrapped_app.<locals>.sender at 0x7f80d0738300>
          │                            │    │        │      └ <function BaseHTTPMiddleware.__call__.<locals>.call_next.<locals>.receive_or_disconnect at 0x7f80e009bb60>
          │                            │    │        └ {'type': 'http', 'asgi': {'version': '3.0', 'spec_version': '2.3'}, 'http_version': '1.1', 'server': ('127.0.0.1', 8000), 'cl...
          │                            │    └ <starlette.requests.Request object at 0x7f80e221ac40>
          │                            └ <function request_response.<locals>.app.<locals>.app at 0x7f80d0738460>
          └ <function wrap_app_handling_exceptions at 0x7f80e9bf83b0>
  File "/home/amrit/Documents/Code/engineering/projects/fast-app/venv/lib/python3.14/site-packages/starlette/_exception_handler.py", line 53, in wrapped_app
    raise exc
  File "/home/amrit/Documents/Code/engineering/projects/fast-app/venv/lib/python3.14/site-packages/starlette/_exception_handler.py", line 42, in wrapped_app
    await app(scope, receive, sender)
          │   │      │        └ <function wrap_app_handling_exceptions.<locals>.wrapped_app.<locals>.sender at 0x7f80d0738720>
          │   │      └ <function BaseHTTPMiddleware.__call__.<locals>.call_next.<locals>.receive_or_disconnect at 0x7f80e009bb60>
          │   └ {'type': 'http', 'asgi': {'version': '3.0', 'spec_version': '2.3'}, 'http_version': '1.1', 'server': ('127.0.0.1', 8000), 'cl...
          └ <function request_response.<locals>.app.<locals>.app at 0x7f80d0738460>
  File "/home/amrit/Documents/Code/engineering/projects/fast-app/venv/lib/python3.14/site-packages/fastapi/routing.py", line 105, in app
    response = await f(request)
                     │ └ <starlette.requests.Request object at 0x7f80e221ac40>
                     └ <function get_request_handler.<locals>.app at 0x7f80e2212c40>
  File "/home/amrit/Documents/Code/engineering/projects/fast-app/venv/lib/python3.14/site-packages/fastapi/routing.py", line 446, in app
    content = await serialize_response(
                    └ <function serialize_response at 0x7f80e9c08250>
  File "/home/amrit/Documents/Code/engineering/projects/fast-app/venv/lib/python3.14/site-packages/fastapi/routing.py", line 301, in serialize_response
    return jsonable_encoder(response_content)
           │                └ {'message': message: "Hello, Scan-with-! Your request was logged."
           │                  , 'status': 'success'}
           └ <function jsonable_encoder at 0x7f80e9bd78a0>
  File "/home/amrit/Documents/Code/engineering/projects/fast-app/venv/lib/python3.14/site-packages/fastapi/encoders.py", line 289, in jsonable_encoder
    encoded_value = jsonable_encoder(
                    └ <function jsonable_encoder at 0x7f80e9bd78a0>
  File "/home/amrit/Documents/Code/engineering/projects/fast-app/venv/lib/python3.14/site-packages/fastapi/encoders.py", line 337, in jsonable_encoder
    return jsonable_encoder(
           └ <function jsonable_encoder at 0x7f80e9bd78a0>
  File "/home/amrit/Documents/Code/engineering/projects/fast-app/venv/lib/python3.14/site-packages/fastapi/encoders.py", line 337, in jsonable_encoder
    return jsonable_encoder(
           └ <function jsonable_encoder at 0x7f80e9bd78a0>
  File "/home/amrit/Documents/Code/engineering/projects/fast-app/venv/lib/python3.14/site-packages/fastapi/encoders.py", line 289, in jsonable_encoder
    encoded_value = jsonable_encoder(
                    └ <function jsonable_encoder at 0x7f80e9bd78a0>
  File "/home/amrit/Documents/Code/engineering/projects/fast-app/venv/lib/python3.14/site-packages/fastapi/encoders.py", line 336, in jsonable_encoder
    raise ValueError(errors) from e
                     └ [TypeError("'google._upb._message.Descriptor' object is not iterable"), TypeError('vars() argument must have __dict__ attribu...

ValueError: [TypeError("'google._upb._message.Descriptor' object is not iterable"), TypeError('vars() argument must have __dict__ attribute')]
2026-02-18 17:34:50 | ERROR    | main:catch_exceptions_middleware:44 - An error has been caught in function 'catch_exceptions_middleware', process 'SpawnProcess-128' (2398320), thread 'MainThread' (140191730412480):
Traceback (most recent call last):

  File "/home/amrit/Documents/Code/engineering/projects/fast-app/venv/lib/python3.14/site-packages/fastapi/encoders.py", line 328, in jsonable_encoder
    data = dict(obj)
                └ <google._upb._message.Descriptor object at 0x7f80e3e163e0>

TypeError: 'google._upb._message.Descriptor' object is not iterable


During handling of the above exception, another exception occurred:


Traceback (most recent call last):

  File "/home/amrit/Documents/Code/engineering/projects/fast-app/venv/lib/python3.14/site-packages/fastapi/encoders.py", line 333, in jsonable_encoder
    data = vars(obj)
                └ <google._upb._message.Descriptor object at 0x7f80e3e163e0>

TypeError: vars() argument must have __dict__ attribute


The above exception was the direct cause of the following exception:


Traceback (most recent call last):

  File "<string>", line 1, in <module>
  File "/usr/lib/python3.14/multiprocessing/spawn.py", line 122, in spawn_main
    exitcode = _main(fd, parent_sentinel)
               │     │   └ 3
               │     └ 15
               └ <function _main at 0x7f80ed44f530>
  File "/usr/lib/python3.14/multiprocessing/spawn.py", line 135, in _main
    return self._bootstrap(parent_sentinel)
           │    │          └ 3
           │    └ <function BaseProcess._bootstrap at 0x7f80ed523690>
           └ <SpawnProcess name='SpawnProcess-128' parent=2264184 started>
  File "/usr/lib/python3.14/multiprocessing/process.py", line 320, in _bootstrap
    self.run()
    │    └ <function BaseProcess.run at 0x7f80ed522a30>
    └ <SpawnProcess name='SpawnProcess-128' parent=2264184 started>
  File "/usr/lib/python3.14/multiprocessing/process.py", line 108, in run
    self._target(*self._args, **self._kwargs)
    │    │        │    │        │    └ {'config': <uvicorn.config.Config object at 0x7f80ed3e6270>, 'target': <bound method Server.run of <uvicorn.server.Server obj...
    │    │        │    │        └ <SpawnProcess name='SpawnProcess-128' parent=2264184 started>
    │    │        │    └ ()
    │    │        └ <SpawnProcess name='SpawnProcess-128' parent=2264184 started>
    │    └ <function subprocess_started at 0x7f80e98c2770>
    └ <SpawnProcess name='SpawnProcess-128' parent=2264184 started>
  File "/home/amrit/Documents/Code/engineering/projects/fast-app/venv/lib/python3.14/site-packages/uvicorn/_subprocess.py", line 80, in subprocess_started
    target(sockets=sockets)
    │              └ [<socket.socket fd=9, family=2, type=1, proto=0, laddr=('127.0.0.1', 8000)>]
    └ <bound method Server.run of <uvicorn.server.Server object at 0x7f80e9b47b60>>
  File "/home/amrit/Documents/Code/engineering/projects/fast-app/venv/lib/python3.14/site-packages/uvicorn/server.py", line 67, in run
    return asyncio_run(self.serve(sockets=sockets), loop_factory=self.config.get_loop_factory())
           │           │    │             │                      │    │      └ <function Config.get_loop_factory at 0x7f80e98c0510>
           │           │    │             │                      │    └ <uvicorn.config.Config object at 0x7f80ed3e6270>
           │           │    │             │                      └ <uvicorn.server.Server object at 0x7f80e9b47b60>
           │           │    │             └ [<socket.socket fd=9, family=2, type=1, proto=0, laddr=('127.0.0.1', 8000)>]
           │           │    └ <function Server.serve at 0x7f80e98c1170>
           │           └ <uvicorn.server.Server object at 0x7f80e9b47b60>
           └ <function run at 0x7f80ea14a8d0>
  File "/usr/lib/python3.14/asyncio/runners.py", line 204, in run
    return runner.run(main)
           │      │   └ <coroutine object Server.serve at 0x7f80e8fb9e40>
           │      └ <function Runner.run at 0x7f80ea14acf0>
           └ <asyncio.runners.Runner object at 0x7f80e910e660>
  File "/usr/lib/python3.14/asyncio/runners.py", line 127, in run
    return self._loop.run_until_complete(task)
           │    │     │                  └ <Task pending name='Task-1' coro=<Server.serve() running at /home/amrit/Documents/Code/engineering/projects/fast-app/venv/lib...
           │    │     └ <cyfunction Loop.run_until_complete at 0x7f80e913ed40>
           │    └ <uvloop.Loop running=True closed=False debug=False>
           └ <asyncio.runners.Runner object at 0x7f80e910e660>
  File "/home/amrit/Documents/Code/engineering/projects/fast-app/venv/lib/python3.14/site-packages/uvicorn/protocols/http/httptools_impl.py", line 416, in run_asgi
    result = await app(  # type: ignore[func-returns-value]
                   └ <uvicorn.middleware.proxy_headers.ProxyHeadersMiddleware object at 0x7f80e221c440>
  File "/home/amrit/Documents/Code/engineering/projects/fast-app/venv/lib/python3.14/site-packages/uvicorn/middleware/proxy_headers.py", line 60, in __call__
    return await self.app(scope, receive, send)
                 │    │   │      │        └ <bound method RequestResponseCycle.send of <uvicorn.protocols.http.httptools_impl.RequestResponseCycle object at 0x7f80e2232a...
                 │    │   │      └ <bound method RequestResponseCycle.receive of <uvicorn.protocols.http.httptools_impl.RequestResponseCycle object at 0x7f80e22...
                 │    │   └ {'type': 'http', 'asgi': {'version': '3.0', 'spec_version': '2.3'}, 'http_version': '1.1', 'server': ('127.0.0.1', 8000), 'cl...
                 │    └ <fastapi.applications.FastAPI object at 0x7f80e2d86120>
                 └ <uvicorn.middleware.proxy_headers.ProxyHeadersMiddleware object at 0x7f80e221c440>
  File "/home/amrit/Documents/Code/engineering/projects/fast-app/venv/lib/python3.14/site-packages/fastapi/applications.py", line 1134, in __call__
    await super().__call__(scope, receive, send)
                           │      │        └ <bound method RequestResponseCycle.send of <uvicorn.protocols.http.httptools_impl.RequestResponseCycle object at 0x7f80e2232a...
                           │      └ <bound method RequestResponseCycle.receive of <uvicorn.protocols.http.httptools_impl.RequestResponseCycle object at 0x7f80e22...
                           └ {'type': 'http', 'asgi': {'version': '3.0', 'spec_version': '2.3'}, 'http_version': '1.1', 'server': ('127.0.0.1', 8000), 'cl...
  File "/home/amrit/Documents/Code/engineering/projects/fast-app/venv/lib/python3.14/site-packages/starlette/applications.py", line 107, in __call__
    await self.middleware_stack(scope, receive, send)
          │    │                │      │        └ <bound method RequestResponseCycle.send of <uvicorn.protocols.http.httptools_impl.RequestResponseCycle object at 0x7f80e2232a...
          │    │                │      └ <bound method RequestResponseCycle.receive of <uvicorn.protocols.http.httptools_impl.RequestResponseCycle object at 0x7f80e22...
          │    │                └ {'type': 'http', 'asgi': {'version': '3.0', 'spec_version': '2.3'}, 'http_version': '1.1', 'server': ('127.0.0.1', 8000), 'cl...
          │    └ <starlette.middleware.errors.ServerErrorMiddleware object at 0x7f80e221cd70>
          └ <fastapi.applications.FastAPI object at 0x7f80e2d86120>
  File "/home/amrit/Documents/Code/engineering/projects/fast-app/venv/lib/python3.14/site-packages/starlette/middleware/errors.py", line 164, in __call__
    await self.app(scope, receive, _send)
          │    │   │      │        └ <function ServerErrorMiddleware.__call__.<locals>._send at 0x7f80e00978a0>
          │    │   │      └ <bound method RequestResponseCycle.receive of <uvicorn.protocols.http.httptools_impl.RequestResponseCycle object at 0x7f80e22...
          │    │   └ {'type': 'http', 'asgi': {'version': '3.0', 'spec_version': '2.3'}, 'http_version': '1.1', 'server': ('127.0.0.1', 8000), 'cl...
          │    └ <starlette.middleware.base.BaseHTTPMiddleware object at 0x7f80e2b579d0>
          └ <starlette.middleware.errors.ServerErrorMiddleware object at 0x7f80e221cd70>
  File "/home/amrit/Documents/Code/engineering/projects/fast-app/venv/lib/python3.14/site-packages/starlette/middleware/base.py", line 193, in __call__
    response = await self.dispatch_func(request, call_next)
                     │    │             │        └ <function BaseHTTPMiddleware.__call__.<locals>.call_next at 0x7f80e009ae50>
                     │    │             └ <starlette.middleware.base._CachedRequest object at 0x7f80e22316d0>
                     │    └ <function catch_exceptions_middleware at 0x7f80e2aa1010>
                     └ <starlette.middleware.base.BaseHTTPMiddleware object at 0x7f80e2b579d0>

> File "/home/amrit/Documents/Code/engineering/projects/fast-app/main.py", line 45, in catch_exceptions_middleware
    return await call_next(request)
                 │         └ <starlette.middleware.base._CachedRequest object at 0x7f80e22316d0>
                 └ <function BaseHTTPMiddleware.__call__.<locals>.call_next at 0x7f80e009ae50>

  File "/home/amrit/Documents/Code/engineering/projects/fast-app/venv/lib/python3.14/site-packages/starlette/middleware/base.py", line 168, in call_next
    raise app_exc from app_exc.__cause__ or app_exc.__context__
          │            │       │            │       └ <attribute '__context__' of 'BaseException' objects>
          │            │       │            └ ValueError([TypeError("'google._upb._message.Descriptor' object is not iterable"), TypeError('vars() argument must have __dic...
          │            │       └ <attribute '__cause__' of 'BaseException' objects>
          │            └ ValueError([TypeError("'google._upb._message.Descriptor' object is not iterable"), TypeError('vars() argument must have __dic...
          └ ValueError([TypeError("'google._upb._message.Descriptor' object is not iterable"), TypeError('vars() argument must have __dic...
  File "/home/amrit/Documents/Code/engineering/projects/fast-app/venv/lib/python3.14/site-packages/starlette/middleware/base.py", line 144, in coro
    await self.app(scope, receive_or_disconnect, send_no_error)
          │    │   │      │                      └ <function BaseHTTPMiddleware.__call__.<locals>.call_next.<locals>.send_no_error at 0x7f80e009b270>
          │    │   │      └ <function BaseHTTPMiddleware.__call__.<locals>.call_next.<locals>.receive_or_disconnect at 0x7f80e009b110>
          │    │   └ {'type': 'http', 'asgi': {'version': '3.0', 'spec_version': '2.3'}, 'http_version': '1.1', 'server': ('127.0.0.1', 8000), 'cl...
          │    └ <starlette.middleware.base.BaseHTTPMiddleware object at 0x7f80e221d160>
          └ <starlette.middleware.base.BaseHTTPMiddleware object at 0x7f80e2b579d0>
  File "/home/amrit/Documents/Code/engineering/projects/fast-app/venv/lib/python3.14/site-packages/starlette/middleware/base.py", line 191, in __call__
    with recv_stream, send_stream, collapse_excgroups():
         │            │            └ <function collapse_excgroups at 0x7f80e9ca37f0>
         │            └ MemoryObjectSendStream(_state=_MemoryObjectStreamState(max_buffer_size=0, buffer=deque([]), open_send_channels=0, open_receiv...
         └ MemoryObjectReceiveStream(_state=_MemoryObjectStreamState(max_buffer_size=0, buffer=deque([]), open_send_channels=0, open_rec...
  File "/usr/lib/python3.14/contextlib.py", line 162, in __exit__
    self.gen.throw(value)
    │    │   │     └ ExceptionGroup('unhandled errors in a TaskGroup', [ValueError([TypeError("'google._upb._message.Descriptor' object is not ite...
    │    │   └ <method 'throw' of 'generator' objects>
    │    └ <generator object collapse_excgroups at 0x7f80e016a180>
    └ <contextlib._GeneratorContextManager object at 0x7f80d0711a20>
  File "/home/amrit/Documents/Code/engineering/projects/fast-app/venv/lib/python3.14/site-packages/starlette/_utils.py", line 87, in collapse_excgroups
    raise exc
  File "/home/amrit/Documents/Code/engineering/projects/fast-app/venv/lib/python3.14/site-packages/starlette/middleware/base.py", line 193, in __call__
    response = await self.dispatch_func(request, call_next)
                     │    │             │        └ <function BaseHTTPMiddleware.__call__.<locals>.call_next at 0x7f80e009b740>
                     │    │             └ <starlette.middleware.base._CachedRequest object at 0x7f80e221a190>
                     │    └ <function FastMVPEngine._setup_logging.<locals>.log_and_catch_middleware at 0x7f80e2aa0460>
                     └ <starlette.middleware.base.BaseHTTPMiddleware object at 0x7f80e221d160>

  File "/home/amrit/Documents/Code/engineering/projects/fast-app/core/api.py", line 258, in log_and_catch_middleware
    response = await call_next(request)
                     │         └ <starlette.middleware.base._CachedRequest object at 0x7f80e221a190>
                     └ <function BaseHTTPMiddleware.__call__.<locals>.call_next at 0x7f80e009b740>

  File "/home/amrit/Documents/Code/engineering/projects/fast-app/venv/lib/python3.14/site-packages/starlette/middleware/base.py", line 168, in call_next
    raise app_exc from app_exc.__cause__ or app_exc.__context__
          │            │       │            │       └ <attribute '__context__' of 'BaseException' objects>
          │            │       │            └ ValueError([TypeError("'google._upb._message.Descriptor' object is not iterable"), TypeError('vars() argument must have __dic...
          │            │       └ <attribute '__cause__' of 'BaseException' objects>
          │            └ ValueError([TypeError("'google._upb._message.Descriptor' object is not iterable"), TypeError('vars() argument must have __dic...
          └ ValueError([TypeError("'google._upb._message.Descriptor' object is not iterable"), TypeError('vars() argument must have __dic...
  File "/home/amrit/Documents/Code/engineering/projects/fast-app/venv/lib/python3.14/site-packages/starlette/middleware/base.py", line 144, in coro
    await self.app(scope, receive_or_disconnect, send_no_error)
          │    │   │      │                      └ <function BaseHTTPMiddleware.__call__.<locals>.call_next.<locals>.send_no_error at 0x7f80e009bcc0>
          │    │   │      └ <function BaseHTTPMiddleware.__call__.<locals>.call_next.<locals>.receive_or_disconnect at 0x7f80e009bb60>
          │    │   └ {'type': 'http', 'asgi': {'version': '3.0', 'spec_version': '2.3'}, 'http_version': '1.1', 'server': ('127.0.0.1', 8000), 'cl...
          │    └ <starlette.middleware.exceptions.ExceptionMiddleware object at 0x7f80e221cec0>
          └ <starlette.middleware.base.BaseHTTPMiddleware object at 0x7f80e221d160>
  File "/home/amrit/Documents/Code/engineering/projects/fast-app/venv/lib/python3.14/site-packages/starlette/middleware/exceptions.py", line 63, in __call__
    await wrap_app_handling_exceptions(self.app, conn)(scope, receive, send)
          │                            │    │    │     │      │        └ <function BaseHTTPMiddleware.__call__.<locals>.call_next.<locals>.send_no_error at 0x7f80e009bcc0>
          │                            │    │    │     │      └ <function BaseHTTPMiddleware.__call__.<locals>.call_next.<locals>.receive_or_disconnect at 0x7f80e009bb60>
          │                            │    │    │     └ {'type': 'http', 'asgi': {'version': '3.0', 'spec_version': '2.3'}, 'http_version': '1.1', 'server': ('127.0.0.1', 8000), 'cl...
          │                            │    │    └ <starlette.requests.Request object at 0x7f80e221a9e0>
          │                            │    └ <fastapi.middleware.asyncexitstack.AsyncExitStackMiddleware object at 0x7f80e221cc20>
          │                            └ <starlette.middleware.exceptions.ExceptionMiddleware object at 0x7f80e221cec0>
          └ <function wrap_app_handling_exceptions at 0x7f80e9bf83b0>
  File "/home/amrit/Documents/Code/engineering/projects/fast-app/venv/lib/python3.14/site-packages/starlette/_exception_handler.py", line 53, in wrapped_app
    raise exc
  File "/home/amrit/Documents/Code/engineering/projects/fast-app/venv/lib/python3.14/site-packages/starlette/_exception_handler.py", line 42, in wrapped_app
    await app(scope, receive, sender)
          │   │      │        └ <function wrap_app_handling_exceptions.<locals>.wrapped_app.<locals>.sender at 0x7f80d0738300>
          │   │      └ <function BaseHTTPMiddleware.__call__.<locals>.call_next.<locals>.receive_or_disconnect at 0x7f80e009bb60>
          │   └ {'type': 'http', 'asgi': {'version': '3.0', 'spec_version': '2.3'}, 'http_version': '1.1', 'server': ('127.0.0.1', 8000), 'cl...
          └ <fastapi.middleware.asyncexitstack.AsyncExitStackMiddleware object at 0x7f80e221cc20>
  File "/home/amrit/Documents/Code/engineering/projects/fast-app/venv/lib/python3.14/site-packages/fastapi/middleware/asyncexitstack.py", line 18, in __call__
    await self.app(scope, receive, send)
          │    │   │      │        └ <function wrap_app_handling_exceptions.<locals>.wrapped_app.<locals>.sender at 0x7f80d0738300>
          │    │   │      └ <function BaseHTTPMiddleware.__call__.<locals>.call_next.<locals>.receive_or_disconnect at 0x7f80e009bb60>
          │    │   └ {'type': 'http', 'asgi': {'version': '3.0', 'spec_version': '2.3'}, 'http_version': '1.1', 'server': ('127.0.0.1', 8000), 'cl...
          │    └ <fastapi.routing.APIRouter object at 0x7f80e3ef3610>
          └ <fastapi.middleware.asyncexitstack.AsyncExitStackMiddleware object at 0x7f80e221cc20>
  File "/home/amrit/Documents/Code/engineering/projects/fast-app/venv/lib/python3.14/site-packages/starlette/routing.py", line 716, in __call__
    await self.middleware_stack(scope, receive, send)
          │    │                │      │        └ <function wrap_app_handling_exceptions.<locals>.wrapped_app.<locals>.sender at 0x7f80d0738300>
          │    │                │      └ <function BaseHTTPMiddleware.__call__.<locals>.call_next.<locals>.receive_or_disconnect at 0x7f80e009bb60>
          │    │                └ {'type': 'http', 'asgi': {'version': '3.0', 'spec_version': '2.3'}, 'http_version': '1.1', 'server': ('127.0.0.1', 8000), 'cl...
          │    └ <bound method Router.app of <fastapi.routing.APIRouter object at 0x7f80e3ef3610>>
          └ <fastapi.routing.APIRouter object at 0x7f80e3ef3610>
  File "/home/amrit/Documents/Code/engineering/projects/fast-app/venv/lib/python3.14/site-packages/starlette/routing.py", line 736, in app
    await route.handle(scope, receive, send)
          │     │      │      │        └ <function wrap_app_handling_exceptions.<locals>.wrapped_app.<locals>.sender at 0x7f80d0738300>
          │     │      │      └ <function BaseHTTPMiddleware.__call__.<locals>.call_next.<locals>.receive_or_disconnect at 0x7f80e009bb60>
          │     │      └ {'type': 'http', 'asgi': {'version': '3.0', 'spec_version': '2.3'}, 'http_version': '1.1', 'server': ('127.0.0.1', 8000), 'cl...
          │     └ <function Route.handle at 0x7f80e9bfb060>
          └ APIRoute(path='/BLE/start', name='start_scan', methods=['GET'])
  File "/home/amrit/Documents/Code/engineering/projects/fast-app/venv/lib/python3.14/site-packages/starlette/routing.py", line 290, in handle
    await self.app(scope, receive, send)
          │    │   │      │        └ <function wrap_app_handling_exceptions.<locals>.wrapped_app.<locals>.sender at 0x7f80d0738300>
          │    │   │      └ <function BaseHTTPMiddleware.__call__.<locals>.call_next.<locals>.receive_or_disconnect at 0x7f80e009bb60>
          │    │   └ {'type': 'http', 'asgi': {'version': '3.0', 'spec_version': '2.3'}, 'http_version': '1.1', 'server': ('127.0.0.1', 8000), 'cl...
          │    └ <function request_response.<locals>.app at 0x7f80e2212da0>
          └ APIRoute(path='/BLE/start', name='start_scan', methods=['GET'])
  File "/home/amrit/Documents/Code/engineering/projects/fast-app/venv/lib/python3.14/site-packages/fastapi/routing.py", line 119, in app
    await wrap_app_handling_exceptions(app, request)(scope, receive, send)
          │                            │    │        │      │        └ <function wrap_app_handling_exceptions.<locals>.wrapped_app.<locals>.sender at 0x7f80d0738300>
          │                            │    │        │      └ <function BaseHTTPMiddleware.__call__.<locals>.call_next.<locals>.receive_or_disconnect at 0x7f80e009bb60>
          │                            │    │        └ {'type': 'http', 'asgi': {'version': '3.0', 'spec_version': '2.3'}, 'http_version': '1.1', 'server': ('127.0.0.1', 8000), 'cl...
          │                            │    └ <starlette.requests.Request object at 0x7f80e221ac40>
          │                            └ <function request_response.<locals>.app.<locals>.app at 0x7f80d0738460>
          └ <function wrap_app_handling_exceptions at 0x7f80e9bf83b0>
  File "/home/amrit/Documents/Code/engineering/projects/fast-app/venv/lib/python3.14/site-packages/starlette/_exception_handler.py", line 53, in wrapped_app
    raise exc
  File "/home/amrit/Documents/Code/engineering/projects/fast-app/venv/lib/python3.14/site-packages/starlette/_exception_handler.py", line 42, in wrapped_app
    await app(scope, receive, sender)
          │   │      │        └ <function wrap_app_handling_exceptions.<locals>.wrapped_app.<locals>.sender at 0x7f80d0738720>
          │   │      └ <function BaseHTTPMiddleware.__call__.<locals>.call_next.<locals>.receive_or_disconnect at 0x7f80e009bb60>
          │   └ {'type': 'http', 'asgi': {'version': '3.0', 'spec_version': '2.3'}, 'http_version': '1.1', 'server': ('127.0.0.1', 8000), 'cl...
          └ <function request_response.<locals>.app.<locals>.app at 0x7f80d0738460>
  File "/home/amrit/Documents/Code/engineering/projects/fast-app/venv/lib/python3.14/site-packages/fastapi/routing.py", line 105, in app
    response = await f(request)
                     │ └ <starlette.requests.Request object at 0x7f80e221ac40>
                     └ <function get_request_handler.<locals>.app at 0x7f80e2212c40>
  File "/home/amrit/Documents/Code/engineering/projects/fast-app/venv/lib/python3.14/site-packages/fastapi/routing.py", line 446, in app
    content = await serialize_response(
                    └ <function serialize_response at 0x7f80e9c08250>
  File "/home/amrit/Documents/Code/engineering/projects/fast-app/venv/lib/python3.14/site-packages/fastapi/routing.py", line 301, in serialize_response
    return jsonable_encoder(response_content)
           │                └ {'message': message: "Hello, Scan-with-! Your request was logged."
           │                  , 'status': 'success'}
           └ <function jsonable_encoder at 0x7f80e9bd78a0>
  File "/home/amrit/Documents/Code/engineering/projects/fast-app/venv/lib/python3.14/site-packages/fastapi/encoders.py", line 289, in jsonable_encoder
    encoded_value = jsonable_encoder(
                    └ <function jsonable_encoder at 0x7f80e9bd78a0>
  File "/home/amrit/Documents/Code/engineering/projects/fast-app/venv/lib/python3.14/site-packages/fastapi/encoders.py", line 337, in jsonable_encoder
    return jsonable_encoder(
           └ <function jsonable_encoder at 0x7f80e9bd78a0>
  File "/home/amrit/Documents/Code/engineering/projects/fast-app/venv/lib/python3.14/site-packages/fastapi/encoders.py", line 337, in jsonable_encoder
    return jsonable_encoder(
           └ <function jsonable_encoder at 0x7f80e9bd78a0>
  File "/home/amrit/Documents/Code/engineering/projects/fast-app/venv/lib/python3.14/site-packages/fastapi/encoders.py", line 289, in jsonable_encoder
    encoded_value = jsonable_encoder(
                    └ <function jsonable_encoder at 0x7f80e9bd78a0>
  File "/home/amrit/Documents/Code/engineering/projects/fast-app/venv/lib/python3.14/site-packages/fastapi/encoders.py", line 336, in jsonable_encoder
    raise ValueError(errors) from e
                     └ [TypeError("'google._upb._message.Descriptor' object is not iterable"), TypeError('vars() argument must have __dict__ attribu...

ValueError: [TypeError("'google._upb._message.Descriptor' object is not iterable"), TypeError('vars() argument must have __dict__ attribute')]
2026-02-18 17:35:01 | INFO     | main:connect:63 - gRPC connected to localhost:50051
2026-02-18 17:35:02 | INFO     | main:close:82 - gRPC connection closed
2026-02-18 17:36:59 | INFO     | main:connect:63 - gRPC connected to localhost:50051
2026-02-18 17:37:00 | INFO     | core.api:log_and_catch_middleware:270 - IP: 127.0.0.1 | GET /BLE/start | Status: 200
2026-02-18 17:37:05 | INFO     | core.api:log_and_catch_middleware:270 - IP: 127.0.0.1 | GET /BLE/start | Status: 200
2026-02-18 17:37:23 | INFO     | main:close:83 - gRPC connection closed
2026-02-18 17:37:24 | INFO     | main:connect:63 - gRPC connected to localhost:50051
2026-02-18 17:37:25 | INFO     | main:close:83 - gRPC connection closed
2026-02-18 17:37:26 | INFO     | main:connect:63 - gRPC connected to localhost:50051
2026-02-18 17:37:32 | INFO     | main:close:83 - gRPC connection closed
2026-02-18 17:37:33 | INFO     | main:connect:63 - gRPC connected to localhost:50051
2026-02-18 17:37:36 | INFO     | main:close:83 - gRPC connection closed
2026-02-18 17:37:37 | INFO     | main:connect:63 - gRPC connected to localhost:50051
2026-02-18 17:37:37 | INFO     | core.api:log_and_catch_middleware:270 - IP: 127.0.0.1 | GET /BLE/start | Status: 200
2026-02-18 17:37:48 | INFO     | core.api:log_and_catch_middleware:270 - IP: 127.0.0.1 | GET /BLE/start | Status: 200
2026-02-18 17:37:59 | INFO     | main:close:83 - gRPC connection closed
2026-02-18 17:38:00 | INFO     | main:connect:63 - gRPC connected to localhost:50051
2026-02-18 17:38:01 | INFO     | core.api:log_and_catch_middleware:270 - IP: 127.0.0.1 | GET /BLE/start | Status: 200
2026-02-18 17:38:20 | INFO     | main:close:83 - gRPC connection closed
2026-02-18 17:38:21 | INFO     | main:connect:63 - gRPC connected to localhost:50051
2026-02-18 17:38:22 | INFO     | core.api:log_and_catch_middleware:270 - IP: 127.0.0.1 | GET /BLE/start | Status: 200
2026-02-18 17:38:53 | INFO     | main:close:83 - gRPC connection closed
