2026-02-19 19:05:44 | ERROR    | core.api:log_and_catch_middleware:276 - IP: 127.0.0.1 | GET / | Status: 404
2026-02-20 20:26:29 | ERROR    | core.engine:log_and_catch_middleware:115 - IP: 127.0.0.1 | GET / | Status: 404
2026-02-20 20:26:32 | ERROR    | core.engine:log_and_catch_middleware:115 - IP: 127.0.0.1 | GET /favicon.ico | Status: 404
2026-02-20 20:27:57 | ERROR    | core.engine:log_and_catch_middleware:115 - IP: 127.0.0.1 | GET /favicon.ico | Status: 404
2026-02-20 20:28:25 | ERROR    | core.engine:log_and_catch_middleware:115 - IP: 127.0.0.1 | GET / | Status: 404
2026-02-20 20:28:25 | ERROR    | core.engine:log_and_catch_middleware:115 - IP: 127.0.0.1 | GET /favicon.ico | Status: 404
2026-02-20 20:28:28 | ERROR    | core.engine:log_and_catch_middleware:115 - IP: 127.0.0.1 | GET /favicon.ico | Status: 404
2026-02-20 20:28:30 | ERROR    | core.engine:log_and_catch_middleware:115 - IP: 127.0.0.1 | GET /favicon.ico | Status: 404
2026-02-20 20:44:07 | ERROR    | core.engine:log_and_catch_middleware:115 - IP: 127.0.0.1 | GET /favicon.ico | Status: 404
2026-02-20 21:43:31 | ERROR    | core.engine:log_and_catch_middleware:115 - IP: 127.0.0.1 | GET /favicon.ico | Status: 404
2026-02-20 21:43:39 | ERROR    | core.engine:log_and_catch_middleware:115 - IP: 127.0.0.1 | GET /favicon.ico | Status: 404
2026-02-20 21:44:43 | ERROR    | core.engine:log_and_catch_middleware:115 - IP: 127.0.0.1 | GET /favicon.ico | Status: 404
2026-02-20 22:29:51 | ERROR    | core.engine:log_and_catch_middleware:115 - IP: 127.0.0.1 | GET /favicon.ico | Status: 404
2026-02-20 22:59:42 | ERROR    | core.engine:log_and_catch_middleware:103 - An error has been caught in function 'log_and_catch_middleware', process 'SpawnProcess-9' (130605), thread 'MainThread' (133425750024192):
Traceback (most recent call last):

  File "/home/amritcheema/Documents/Code/FastMVP/venv/lib/python3.10/site-packages/fastapi/encoders.py", line 328, in jsonable_encoder
    data = dict(obj)
                └ <google._upb._message.Descriptor object at 0x79599765a2a0>

TypeError: 'google._upb._message.Descriptor' object is not iterable


During handling of the above exception, another exception occurred:


Traceback (most recent call last):

  File "/home/amritcheema/Documents/Code/FastMVP/venv/lib/python3.10/site-packages/fastapi/encoders.py", line 333, in jsonable_encoder
    data = vars(obj)
                └ <google._upb._message.Descriptor object at 0x79599765a2a0>

TypeError: vars() argument must have __dict__ attribute


The above exception was the direct cause of the following exception:


Traceback (most recent call last):

  File "<string>", line 1, in <module>
  File "/usr/lib/python3.10/multiprocessing/spawn.py", line 116, in spawn_main
    exitcode = _main(fd, parent_sentinel)
               │     │   └ 3
               │     └ 24
               └ <function _main at 0x79599901a560>
  File "/usr/lib/python3.10/multiprocessing/spawn.py", line 129, in _main
    return self._bootstrap(parent_sentinel)
           │    │          └ 3
           │    └ <function BaseProcess._bootstrap at 0x795999135870>
           └ <SpawnProcess name='SpawnProcess-9' parent=127921 started>
  File "/usr/lib/python3.10/multiprocessing/process.py", line 314, in _bootstrap
    self.run()
    │    └ <function BaseProcess.run at 0x795999134ee0>
    └ <SpawnProcess name='SpawnProcess-9' parent=127921 started>
  File "/usr/lib/python3.10/multiprocessing/process.py", line 108, in run
    self._target(*self._args, **self._kwargs)
    │    │        │    │        │    └ {'config': <uvicorn.config.Config object at 0x79599901ec20>, 'target': <bound method Server.run of <uvicorn.server.Server obj...
    │    │        │    │        └ <SpawnProcess name='SpawnProcess-9' parent=127921 started>
    │    │        │    └ ()
    │    │        └ <SpawnProcess name='SpawnProcess-9' parent=127921 started>
    │    └ <function subprocess_started at 0x7959972c0f70>
    └ <SpawnProcess name='SpawnProcess-9' parent=127921 started>
  File "/home/amritcheema/Documents/Code/FastMVP/venv/lib/python3.10/site-packages/uvicorn/_subprocess.py", line 80, in subprocess_started
    target(sockets=sockets)
    │              └ [<socket.socket fd=17, family=AddressFamily.AF_INET, type=SocketKind.SOCK_STREAM, proto=0, laddr=('127.0.0.1', 8000)>]
    └ <bound method Server.run of <uvicorn.server.Server object at 0x79599901ec80>>
  File "/home/amritcheema/Documents/Code/FastMVP/venv/lib/python3.10/site-packages/uvicorn/server.py", line 67, in run
    return asyncio_run(self.serve(sockets=sockets), loop_factory=self.config.get_loop_factory())
           │           │    │             │                      │    │      └ <function Config.get_loop_factory at 0x7959974979a0>
           │           │    │             │                      │    └ <uvicorn.config.Config object at 0x79599901ec20>
           │           │    │             │                      └ <uvicorn.server.Server object at 0x79599901ec80>
           │           │    │             └ [<socket.socket fd=17, family=AddressFamily.AF_INET, type=SocketKind.SOCK_STREAM, proto=0, laddr=('127.0.0.1', 8000)>]
           │           │    └ <function Server.serve at 0x7959972c0430>
           │           └ <uvicorn.server.Server object at 0x79599901ec80>
           └ <function asyncio_run at 0x7959974953f0>
  File "/home/amritcheema/Documents/Code/FastMVP/venv/lib/python3.10/site-packages/uvicorn/_compat.py", line 60, in asyncio_run
    return loop.run_until_complete(main)
           │    │                  └ <coroutine object Server.serve at 0x795996844430>
           │    └ <cyfunction Loop.run_until_complete at 0x7959968a07c0>
           └ <uvloop.Loop running=True closed=False debug=False>
  File "/home/amritcheema/Documents/Code/FastMVP/venv/lib/python3.10/site-packages/uvicorn/protocols/http/httptools_impl.py", line 416, in run_asgi
    result = await app(  # type: ignore[func-returns-value]
                   └ <uvicorn.middleware.proxy_headers.ProxyHeadersMiddleware object at 0x7959968668c0>
  File "/home/amritcheema/Documents/Code/FastMVP/venv/lib/python3.10/site-packages/uvicorn/middleware/proxy_headers.py", line 60, in __call__
    return await self.app(scope, receive, send)
                 │    │   │      │        └ <bound method RequestResponseCycle.send of <uvicorn.protocols.http.httptools_impl.RequestResponseCycle object at 0x795991d2f6...
                 │    │   │      └ <bound method RequestResponseCycle.receive of <uvicorn.protocols.http.httptools_impl.RequestResponseCycle object at 0x795991d...
                 │    │   └ {'type': 'http', 'asgi': {'version': '3.0', 'spec_version': '2.3'}, 'http_version': '1.1', 'server': ('127.0.0.1', 8000), 'cl...
                 │    └ <fastapi.applications.FastAPI object at 0x7959976e2530>
                 └ <uvicorn.middleware.proxy_headers.ProxyHeadersMiddleware object at 0x7959968668c0>
  File "/home/amritcheema/Documents/Code/FastMVP/venv/lib/python3.10/site-packages/fastapi/applications.py", line 1134, in __call__
    await super().__call__(scope, receive, send)
                           │      │        └ <bound method RequestResponseCycle.send of <uvicorn.protocols.http.httptools_impl.RequestResponseCycle object at 0x795991d2f6...
                           │      └ <bound method RequestResponseCycle.receive of <uvicorn.protocols.http.httptools_impl.RequestResponseCycle object at 0x795991d...
                           └ {'type': 'http', 'asgi': {'version': '3.0', 'spec_version': '2.3'}, 'http_version': '1.1', 'server': ('127.0.0.1', 8000), 'cl...
  File "/home/amritcheema/Documents/Code/FastMVP/venv/lib/python3.10/site-packages/starlette/applications.py", line 107, in __call__
    await self.middleware_stack(scope, receive, send)
          │    │                │      │        └ <bound method RequestResponseCycle.send of <uvicorn.protocols.http.httptools_impl.RequestResponseCycle object at 0x795991d2f6...
          │    │                │      └ <bound method RequestResponseCycle.receive of <uvicorn.protocols.http.httptools_impl.RequestResponseCycle object at 0x795991d...
          │    │                └ {'type': 'http', 'asgi': {'version': '3.0', 'spec_version': '2.3'}, 'http_version': '1.1', 'server': ('127.0.0.1', 8000), 'cl...
          │    └ <starlette.middleware.errors.ServerErrorMiddleware object at 0x795992ecd4e0>
          └ <fastapi.applications.FastAPI object at 0x7959976e2530>
  File "/home/amritcheema/Documents/Code/FastMVP/venv/lib/python3.10/site-packages/starlette/middleware/errors.py", line 164, in __call__
    await self.app(scope, receive, _send)
          │    │   │      │        └ <function ServerErrorMiddleware.__call__.<locals>._send at 0x795992ec1cf0>
          │    │   │      └ <bound method RequestResponseCycle.receive of <uvicorn.protocols.http.httptools_impl.RequestResponseCycle object at 0x795991d...
          │    │   └ {'type': 'http', 'asgi': {'version': '3.0', 'spec_version': '2.3'}, 'http_version': '1.1', 'server': ('127.0.0.1', 8000), 'cl...
          │    └ <starlette.middleware.base.BaseHTTPMiddleware object at 0x795992ecd420>
          └ <starlette.middleware.errors.ServerErrorMiddleware object at 0x795992ecd4e0>
  File "/home/amritcheema/Documents/Code/FastMVP/venv/lib/python3.10/site-packages/starlette/middleware/base.py", line 193, in __call__
    response = await self.dispatch_func(request, call_next)
                     │    │             │        └ <function BaseHTTPMiddleware.__call__.<locals>.call_next at 0x795991d53250>
                     │    │             └ <starlette.middleware.base._CachedRequest object at 0x795991d2e350>
                     │    └ <function FastMVPEngine._setup_logging.<locals>.log_and_catch_middleware at 0x7959948f4310>
                     └ <starlette.middleware.base.BaseHTTPMiddleware object at 0x795992ecd420>

> File "/home/amritcheema/Documents/Code/FastMVP/core/engine.py", line 104, in log_and_catch_middleware
    response = await call_next(request)
                     │         └ <starlette.middleware.base._CachedRequest object at 0x795991d2e350>
                     └ <function BaseHTTPMiddleware.__call__.<locals>.call_next at 0x795991d53250>

  File "/home/amritcheema/Documents/Code/FastMVP/venv/lib/python3.10/site-packages/starlette/middleware/base.py", line 168, in call_next
    raise app_exc from app_exc.__cause__ or app_exc.__context__
          │            │       │            │       └ <attribute '__context__' of 'BaseException' objects>
          │            │       │            └ ValueError([TypeError("'google._upb._message.Descriptor' object is not iterable"), TypeError('vars() argument must have __dic...
          │            │       └ <attribute '__cause__' of 'BaseException' objects>
          │            └ ValueError([TypeError("'google._upb._message.Descriptor' object is not iterable"), TypeError('vars() argument must have __dic...
          └ ValueError([TypeError("'google._upb._message.Descriptor' object is not iterable"), TypeError('vars() argument must have __dic...
  File "/home/amritcheema/Documents/Code/FastMVP/venv/lib/python3.10/site-packages/starlette/middleware/base.py", line 144, in coro
    await self.app(scope, receive_or_disconnect, send_no_error)
          │    │   │      │                      └ <function BaseHTTPMiddleware.__call__.<locals>.call_next.<locals>.send_no_error at 0x795991d53d90>
          │    │   │      └ <function BaseHTTPMiddleware.__call__.<locals>.call_next.<locals>.receive_or_disconnect at 0x795991d531c0>
          │    │   └ {'type': 'http', 'asgi': {'version': '3.0', 'spec_version': '2.3'}, 'http_version': '1.1', 'server': ('127.0.0.1', 8000), 'cl...
          │    └ <starlette.middleware.exceptions.ExceptionMiddleware object at 0x795992ecd570>
          └ <starlette.middleware.base.BaseHTTPMiddleware object at 0x795992ecd420>
  File "/home/amritcheema/Documents/Code/FastMVP/venv/lib/python3.10/site-packages/starlette/middleware/exceptions.py", line 63, in __call__
    await wrap_app_handling_exceptions(self.app, conn)(scope, receive, send)
          │                            │    │    │     │      │        └ <function BaseHTTPMiddleware.__call__.<locals>.call_next.<locals>.send_no_error at 0x795991d53d90>
          │                            │    │    │     │      └ <function BaseHTTPMiddleware.__call__.<locals>.call_next.<locals>.receive_or_disconnect at 0x795991d531c0>
          │                            │    │    │     └ {'type': 'http', 'asgi': {'version': '3.0', 'spec_version': '2.3'}, 'http_version': '1.1', 'server': ('127.0.0.1', 8000), 'cl...
          │                            │    │    └ <starlette.requests.Request object at 0x795991d2f6d0>
          │                            │    └ <fastapi.middleware.asyncexitstack.AsyncExitStackMiddleware object at 0x795992ecd9f0>
          │                            └ <starlette.middleware.exceptions.ExceptionMiddleware object at 0x795992ecd570>
          └ <function wrap_app_handling_exceptions at 0x795997ab00d0>
  File "/home/amritcheema/Documents/Code/FastMVP/venv/lib/python3.10/site-packages/starlette/_exception_handler.py", line 53, in wrapped_app
    raise exc
  File "/home/amritcheema/Documents/Code/FastMVP/venv/lib/python3.10/site-packages/starlette/_exception_handler.py", line 42, in wrapped_app
    await app(scope, receive, sender)
          │   │      │        └ <function wrap_app_handling_exceptions.<locals>.wrapped_app.<locals>.sender at 0x795991d53be0>
          │   │      └ <function BaseHTTPMiddleware.__call__.<locals>.call_next.<locals>.receive_or_disconnect at 0x795991d531c0>
          │   └ {'type': 'http', 'asgi': {'version': '3.0', 'spec_version': '2.3'}, 'http_version': '1.1', 'server': ('127.0.0.1', 8000), 'cl...
          └ <fastapi.middleware.asyncexitstack.AsyncExitStackMiddleware object at 0x795992ecd9f0>
  File "/home/amritcheema/Documents/Code/FastMVP/venv/lib/python3.10/site-packages/fastapi/middleware/asyncexitstack.py", line 18, in __call__
    await self.app(scope, receive, send)
          │    │   │      │        └ <function wrap_app_handling_exceptions.<locals>.wrapped_app.<locals>.sender at 0x795991d53be0>
          │    │   │      └ <function BaseHTTPMiddleware.__call__.<locals>.call_next.<locals>.receive_or_disconnect at 0x795991d531c0>
          │    │   └ {'type': 'http', 'asgi': {'version': '3.0', 'spec_version': '2.3'}, 'http_version': '1.1', 'server': ('127.0.0.1', 8000), 'cl...
          │    └ <fastapi.routing.APIRouter object at 0x795994895fc0>
          └ <fastapi.middleware.asyncexitstack.AsyncExitStackMiddleware object at 0x795992ecd9f0>
  File "/home/amritcheema/Documents/Code/FastMVP/venv/lib/python3.10/site-packages/starlette/routing.py", line 716, in __call__
    await self.middleware_stack(scope, receive, send)
          │    │                │      │        └ <function wrap_app_handling_exceptions.<locals>.wrapped_app.<locals>.sender at 0x795991d53be0>
          │    │                │      └ <function BaseHTTPMiddleware.__call__.<locals>.call_next.<locals>.receive_or_disconnect at 0x795991d531c0>
          │    │                └ {'type': 'http', 'asgi': {'version': '3.0', 'spec_version': '2.3'}, 'http_version': '1.1', 'server': ('127.0.0.1', 8000), 'cl...
          │    └ <bound method Router.app of <fastapi.routing.APIRouter object at 0x795994895fc0>>
          └ <fastapi.routing.APIRouter object at 0x795994895fc0>
  File "/home/amritcheema/Documents/Code/FastMVP/venv/lib/python3.10/site-packages/starlette/routing.py", line 736, in app
    await route.handle(scope, receive, send)
          │     │      │      │        └ <function wrap_app_handling_exceptions.<locals>.wrapped_app.<locals>.sender at 0x795991d53be0>
          │     │      │      └ <function BaseHTTPMiddleware.__call__.<locals>.call_next.<locals>.receive_or_disconnect at 0x795991d531c0>
          │     │      └ {'type': 'http', 'asgi': {'version': '3.0', 'spec_version': '2.3'}, 'http_version': '1.1', 'server': ('127.0.0.1', 8000), 'cl...
          │     └ <function Route.handle at 0x795997ab1630>
          └ APIRoute(path='/BLE/start', name='start_scan', methods=['GET'])
  File "/home/amritcheema/Documents/Code/FastMVP/venv/lib/python3.10/site-packages/starlette/routing.py", line 290, in handle
    await self.app(scope, receive, send)
          │    │   │      │        └ <function wrap_app_handling_exceptions.<locals>.wrapped_app.<locals>.sender at 0x795991d53be0>
          │    │   │      └ <function BaseHTTPMiddleware.__call__.<locals>.call_next.<locals>.receive_or_disconnect at 0x795991d531c0>
          │    │   └ {'type': 'http', 'asgi': {'version': '3.0', 'spec_version': '2.3'}, 'http_version': '1.1', 'server': ('127.0.0.1', 8000), 'cl...
          │    └ <function request_response.<locals>.app at 0x795992ec1870>
          └ APIRoute(path='/BLE/start', name='start_scan', methods=['GET'])
  File "/home/amritcheema/Documents/Code/FastMVP/venv/lib/python3.10/site-packages/fastapi/routing.py", line 119, in app
    await wrap_app_handling_exceptions(app, request)(scope, receive, send)
          │                            │    │        │      │        └ <function wrap_app_handling_exceptions.<locals>.wrapped_app.<locals>.sender at 0x795991d53be0>
          │                            │    │        │      └ <function BaseHTTPMiddleware.__call__.<locals>.call_next.<locals>.receive_or_disconnect at 0x795991d531c0>
          │                            │    │        └ {'type': 'http', 'asgi': {'version': '3.0', 'spec_version': '2.3'}, 'http_version': '1.1', 'server': ('127.0.0.1', 8000), 'cl...
          │                            │    └ <starlette.requests.Request object at 0x795991d2ffd0>
          │                            └ <function request_response.<locals>.app.<locals>.app at 0x795991d53b50>
          └ <function wrap_app_handling_exceptions at 0x795997ab00d0>
  File "/home/amritcheema/Documents/Code/FastMVP/venv/lib/python3.10/site-packages/starlette/_exception_handler.py", line 53, in wrapped_app
    raise exc
  File "/home/amritcheema/Documents/Code/FastMVP/venv/lib/python3.10/site-packages/starlette/_exception_handler.py", line 42, in wrapped_app
    await app(scope, receive, sender)
          │   │      │        └ <function wrap_app_handling_exceptions.<locals>.wrapped_app.<locals>.sender at 0x795991d53ac0>
          │   │      └ <function BaseHTTPMiddleware.__call__.<locals>.call_next.<locals>.receive_or_disconnect at 0x795991d531c0>
          │   └ {'type': 'http', 'asgi': {'version': '3.0', 'spec_version': '2.3'}, 'http_version': '1.1', 'server': ('127.0.0.1', 8000), 'cl...
          └ <function request_response.<locals>.app.<locals>.app at 0x795991d53b50>
  File "/home/amritcheema/Documents/Code/FastMVP/venv/lib/python3.10/site-packages/fastapi/routing.py", line 105, in app
    response = await f(request)
                     │ └ <starlette.requests.Request object at 0x795991d2ffd0>
                     └ <function get_request_handler.<locals>.app at 0x795992ec17e0>
  File "/home/amritcheema/Documents/Code/FastMVP/venv/lib/python3.10/site-packages/fastapi/routing.py", line 446, in app
    content = await serialize_response(
                    └ <function serialize_response at 0x795997ab36d0>
  File "/home/amritcheema/Documents/Code/FastMVP/venv/lib/python3.10/site-packages/fastapi/routing.py", line 301, in serialize_response
    return jsonable_encoder(response_content)
           │                └ {'message': message: "Hello, Scan-with-! Your request was logged."
           │                  , 'status': 'success'}
           └ <function jsonable_encoder at 0x795997a936d0>
  File "/home/amritcheema/Documents/Code/FastMVP/venv/lib/python3.10/site-packages/fastapi/encoders.py", line 289, in jsonable_encoder
    encoded_value = jsonable_encoder(
                    └ <function jsonable_encoder at 0x795997a936d0>
  File "/home/amritcheema/Documents/Code/FastMVP/venv/lib/python3.10/site-packages/fastapi/encoders.py", line 337, in jsonable_encoder
    return jsonable_encoder(
           └ <function jsonable_encoder at 0x795997a936d0>
  File "/home/amritcheema/Documents/Code/FastMVP/venv/lib/python3.10/site-packages/fastapi/encoders.py", line 337, in jsonable_encoder
    return jsonable_encoder(
           └ <function jsonable_encoder at 0x795997a936d0>
  File "/home/amritcheema/Documents/Code/FastMVP/venv/lib/python3.10/site-packages/fastapi/encoders.py", line 289, in jsonable_encoder
    encoded_value = jsonable_encoder(
                    └ <function jsonable_encoder at 0x795997a936d0>
  File "/home/amritcheema/Documents/Code/FastMVP/venv/lib/python3.10/site-packages/fastapi/encoders.py", line 336, in jsonable_encoder
    raise ValueError(errors) from e
                     └ [TypeError("'google._upb._message.Descriptor' object is not iterable"), TypeError('vars() argument must have __dict__ attribu...

ValueError: [TypeError("'google._upb._message.Descriptor' object is not iterable"), TypeError('vars() argument must have __dict__ attribute')]
2026-02-20 23:00:00 | ERROR    | core.engine:log_and_catch_middleware:115 - IP: 127.0.0.1 | GET / | Status: 404
2026-02-20 23:00:00 | ERROR    | core.engine:log_and_catch_middleware:115 - IP: 127.0.0.1 | GET / | Status: 404
2026-02-20 23:00:04 | ERROR    | core.engine:log_and_catch_middleware:103 - An error has been caught in function 'log_and_catch_middleware', process 'SpawnProcess-1' (130924), thread 'MainThread' (127313514823680):
Traceback (most recent call last):

  File "/home/amritcheema/Documents/Code/FastMVP/venv/lib/python3.10/site-packages/fastapi/encoders.py", line 328, in jsonable_encoder
    data = dict(obj)
                └ <google._upb._message.Descriptor object at 0x73ca79cee430>

TypeError: 'google._upb._message.Descriptor' object is not iterable


During handling of the above exception, another exception occurred:


Traceback (most recent call last):

  File "/home/amritcheema/Documents/Code/FastMVP/venv/lib/python3.10/site-packages/fastapi/encoders.py", line 333, in jsonable_encoder
    data = vars(obj)
                └ <google._upb._message.Descriptor object at 0x73ca79cee430>

TypeError: vars() argument must have __dict__ attribute


The above exception was the direct cause of the following exception:


Traceback (most recent call last):

  File "<string>", line 1, in <module>
  File "/usr/lib/python3.10/multiprocessing/spawn.py", line 116, in spawn_main
    exitcode = _main(fd, parent_sentinel)
               │     │   └ 3
               │     └ 21
               └ <function _main at 0x73ca7b71e560>
  File "/usr/lib/python3.10/multiprocessing/spawn.py", line 129, in _main
    return self._bootstrap(parent_sentinel)
           │    │          └ 3
           │    └ <function BaseProcess._bootstrap at 0x73ca7b839870>
           └ <SpawnProcess name='SpawnProcess-1' parent=130916 started>
  File "/usr/lib/python3.10/multiprocessing/process.py", line 314, in _bootstrap
    self.run()
    │    └ <function BaseProcess.run at 0x73ca7b838ee0>
    └ <SpawnProcess name='SpawnProcess-1' parent=130916 started>
  File "/usr/lib/python3.10/multiprocessing/process.py", line 108, in run
    self._target(*self._args, **self._kwargs)
    │    │        │    │        │    └ {'config': <uvicorn.config.Config object at 0x73ca7b722c20>, 'target': <bound method Server.run of <uvicorn.server.Server obj...
    │    │        │    │        └ <SpawnProcess name='SpawnProcess-1' parent=130916 started>
    │    │        │    └ ()
    │    │        └ <SpawnProcess name='SpawnProcess-1' parent=130916 started>
    │    └ <function subprocess_started at 0x73ca79954f70>
    └ <SpawnProcess name='SpawnProcess-1' parent=130916 started>
  File "/home/amritcheema/Documents/Code/FastMVP/venv/lib/python3.10/site-packages/uvicorn/_subprocess.py", line 80, in subprocess_started
    target(sockets=sockets)
    │              └ [<socket.socket fd=17, family=AddressFamily.AF_INET, type=SocketKind.SOCK_STREAM, proto=0, laddr=('127.0.0.1', 8000)>]
    └ <bound method Server.run of <uvicorn.server.Server object at 0x73ca7b722c80>>
  File "/home/amritcheema/Documents/Code/FastMVP/venv/lib/python3.10/site-packages/uvicorn/server.py", line 67, in run
    return asyncio_run(self.serve(sockets=sockets), loop_factory=self.config.get_loop_factory())
           │           │    │             │                      │    │      └ <function Config.get_loop_factory at 0x73ca79b2b9a0>
           │           │    │             │                      │    └ <uvicorn.config.Config object at 0x73ca7b722c20>
           │           │    │             │                      └ <uvicorn.server.Server object at 0x73ca7b722c80>
           │           │    │             └ [<socket.socket fd=17, family=AddressFamily.AF_INET, type=SocketKind.SOCK_STREAM, proto=0, laddr=('127.0.0.1', 8000)>]
           │           │    └ <function Server.serve at 0x73ca79954430>
           │           └ <uvicorn.server.Server object at 0x73ca7b722c80>
           └ <function asyncio_run at 0x73ca79b293f0>
  File "/home/amritcheema/Documents/Code/FastMVP/venv/lib/python3.10/site-packages/uvicorn/_compat.py", line 60, in asyncio_run
    return loop.run_until_complete(main)
           │    │                  └ <coroutine object Server.serve at 0x73ca78e22c70>
           │    └ <cyfunction Loop.run_until_complete at 0x73ca78ebc7c0>
           └ <uvloop.Loop running=True closed=False debug=False>
  File "/home/amritcheema/Documents/Code/FastMVP/venv/lib/python3.10/site-packages/uvicorn/protocols/http/httptools_impl.py", line 416, in run_asgi
    result = await app(  # type: ignore[func-returns-value]
                   └ <uvicorn.middleware.proxy_headers.ProxyHeadersMiddleware object at 0x73ca78e7a8c0>
  File "/home/amritcheema/Documents/Code/FastMVP/venv/lib/python3.10/site-packages/uvicorn/middleware/proxy_headers.py", line 60, in __call__
    return await self.app(scope, receive, send)
                 │    │   │      │        └ <bound method RequestResponseCycle.send of <uvicorn.protocols.http.httptools_impl.RequestResponseCycle object at 0x73ca7539ef...
                 │    │   │      └ <bound method RequestResponseCycle.receive of <uvicorn.protocols.http.httptools_impl.RequestResponseCycle object at 0x73ca753...
                 │    │   └ {'type': 'http', 'asgi': {'version': '3.0', 'spec_version': '2.3'}, 'http_version': '1.1', 'server': ('127.0.0.1', 8000), 'cl...
                 │    └ <fastapi.applications.FastAPI object at 0x73ca76e82470>
                 └ <uvicorn.middleware.proxy_headers.ProxyHeadersMiddleware object at 0x73ca78e7a8c0>
  File "/home/amritcheema/Documents/Code/FastMVP/venv/lib/python3.10/site-packages/fastapi/applications.py", line 1134, in __call__
    await super().__call__(scope, receive, send)
                           │      │        └ <bound method RequestResponseCycle.send of <uvicorn.protocols.http.httptools_impl.RequestResponseCycle object at 0x73ca7539ef...
                           │      └ <bound method RequestResponseCycle.receive of <uvicorn.protocols.http.httptools_impl.RequestResponseCycle object at 0x73ca753...
                           └ {'type': 'http', 'asgi': {'version': '3.0', 'spec_version': '2.3'}, 'http_version': '1.1', 'server': ('127.0.0.1', 8000), 'cl...
  File "/home/amritcheema/Documents/Code/FastMVP/venv/lib/python3.10/site-packages/starlette/applications.py", line 107, in __call__
    await self.middleware_stack(scope, receive, send)
          │    │                │      │        └ <bound method RequestResponseCycle.send of <uvicorn.protocols.http.httptools_impl.RequestResponseCycle object at 0x73ca7539ef...
          │    │                │      └ <bound method RequestResponseCycle.receive of <uvicorn.protocols.http.httptools_impl.RequestResponseCycle object at 0x73ca753...
          │    │                └ {'type': 'http', 'asgi': {'version': '3.0', 'spec_version': '2.3'}, 'http_version': '1.1', 'server': ('127.0.0.1', 8000), 'cl...
          │    └ <starlette.middleware.errors.ServerErrorMiddleware object at 0x73ca7533d420>
          └ <fastapi.applications.FastAPI object at 0x73ca76e82470>
  File "/home/amritcheema/Documents/Code/FastMVP/venv/lib/python3.10/site-packages/starlette/middleware/errors.py", line 164, in __call__
    await self.app(scope, receive, _send)
          │    │   │      │        └ <function ServerErrorMiddleware.__call__.<locals>._send at 0x73ca75332560>
          │    │   │      └ <bound method RequestResponseCycle.receive of <uvicorn.protocols.http.httptools_impl.RequestResponseCycle object at 0x73ca753...
          │    │   └ {'type': 'http', 'asgi': {'version': '3.0', 'spec_version': '2.3'}, 'http_version': '1.1', 'server': ('127.0.0.1', 8000), 'cl...
          │    └ <starlette.middleware.base.BaseHTTPMiddleware object at 0x73ca7533d360>
          └ <starlette.middleware.errors.ServerErrorMiddleware object at 0x73ca7533d420>
  File "/home/amritcheema/Documents/Code/FastMVP/venv/lib/python3.10/site-packages/starlette/middleware/base.py", line 193, in __call__
    response = await self.dispatch_func(request, call_next)
                     │    │             │        └ <function BaseHTTPMiddleware.__call__.<locals>.call_next at 0x73ca753bf370>
                     │    │             └ <starlette.middleware.base._CachedRequest object at 0x73ca7539e1a0>
                     │    └ <function FastMVPEngine._setup_logging.<locals>.log_and_catch_middleware at 0x73ca76f5c310>
                     └ <starlette.middleware.base.BaseHTTPMiddleware object at 0x73ca7533d360>

> File "/home/amritcheema/Documents/Code/FastMVP/core/engine.py", line 104, in log_and_catch_middleware
    response = await call_next(request)
                     │         └ <starlette.middleware.base._CachedRequest object at 0x73ca7539e1a0>
                     └ <function BaseHTTPMiddleware.__call__.<locals>.call_next at 0x73ca753bf370>

  File "/home/amritcheema/Documents/Code/FastMVP/venv/lib/python3.10/site-packages/starlette/middleware/base.py", line 168, in call_next
    raise app_exc from app_exc.__cause__ or app_exc.__context__
          │            │       │            │       └ <attribute '__context__' of 'BaseException' objects>
          │            │       │            └ ValueError([TypeError("'google._upb._message.Descriptor' object is not iterable"), TypeError('vars() argument must have __dic...
          │            │       └ <attribute '__cause__' of 'BaseException' objects>
          │            └ ValueError([TypeError("'google._upb._message.Descriptor' object is not iterable"), TypeError('vars() argument must have __dic...
          └ ValueError([TypeError("'google._upb._message.Descriptor' object is not iterable"), TypeError('vars() argument must have __dic...
  File "/home/amritcheema/Documents/Code/FastMVP/venv/lib/python3.10/site-packages/starlette/middleware/base.py", line 144, in coro
    await self.app(scope, receive_or_disconnect, send_no_error)
          │    │   │      │                      └ <function BaseHTTPMiddleware.__call__.<locals>.call_next.<locals>.send_no_error at 0x73ca753bf6d0>
          │    │   │      └ <function BaseHTTPMiddleware.__call__.<locals>.call_next.<locals>.receive_or_disconnect at 0x73ca753bf760>
          │    │   └ {'type': 'http', 'asgi': {'version': '3.0', 'spec_version': '2.3'}, 'http_version': '1.1', 'server': ('127.0.0.1', 8000), 'cl...
          │    └ <starlette.middleware.exceptions.ExceptionMiddleware object at 0x73ca7533d4b0>
          └ <starlette.middleware.base.BaseHTTPMiddleware object at 0x73ca7533d360>
  File "/home/amritcheema/Documents/Code/FastMVP/venv/lib/python3.10/site-packages/starlette/middleware/exceptions.py", line 63, in __call__
    await wrap_app_handling_exceptions(self.app, conn)(scope, receive, send)
          │                            │    │    │     │      │        └ <function BaseHTTPMiddleware.__call__.<locals>.call_next.<locals>.send_no_error at 0x73ca753bf6d0>
          │                            │    │    │     │      └ <function BaseHTTPMiddleware.__call__.<locals>.call_next.<locals>.receive_or_disconnect at 0x73ca753bf760>
          │                            │    │    │     └ {'type': 'http', 'asgi': {'version': '3.0', 'spec_version': '2.3'}, 'http_version': '1.1', 'server': ('127.0.0.1', 8000), 'cl...
          │                            │    │    └ <starlette.requests.Request object at 0x73ca7539e4d0>
          │                            │    └ <fastapi.middleware.asyncexitstack.AsyncExitStackMiddleware object at 0x73ca7533d930>
          │                            └ <starlette.middleware.exceptions.ExceptionMiddleware object at 0x73ca7533d4b0>
          └ <function wrap_app_handling_exceptions at 0x73ca7a1980d0>
  File "/home/amritcheema/Documents/Code/FastMVP/venv/lib/python3.10/site-packages/starlette/_exception_handler.py", line 53, in wrapped_app
    raise exc
  File "/home/amritcheema/Documents/Code/FastMVP/venv/lib/python3.10/site-packages/starlette/_exception_handler.py", line 42, in wrapped_app
    await app(scope, receive, sender)
          │   │      │        └ <function wrap_app_handling_exceptions.<locals>.wrapped_app.<locals>.sender at 0x73ca753bfb50>
          │   │      └ <function BaseHTTPMiddleware.__call__.<locals>.call_next.<locals>.receive_or_disconnect at 0x73ca753bf760>
          │   └ {'type': 'http', 'asgi': {'version': '3.0', 'spec_version': '2.3'}, 'http_version': '1.1', 'server': ('127.0.0.1', 8000), 'cl...
          └ <fastapi.middleware.asyncexitstack.AsyncExitStackMiddleware object at 0x73ca7533d930>
  File "/home/amritcheema/Documents/Code/FastMVP/venv/lib/python3.10/site-packages/fastapi/middleware/asyncexitstack.py", line 18, in __call__
    await self.app(scope, receive, send)
          │    │   │      │        └ <function wrap_app_handling_exceptions.<locals>.wrapped_app.<locals>.sender at 0x73ca753bfb50>
          │    │   │      └ <function BaseHTTPMiddleware.__call__.<locals>.call_next.<locals>.receive_or_disconnect at 0x73ca753bf760>
          │    │   └ {'type': 'http', 'asgi': {'version': '3.0', 'spec_version': '2.3'}, 'http_version': '1.1', 'server': ('127.0.0.1', 8000), 'cl...
          │    └ <fastapi.routing.APIRouter object at 0x73ca76f19f00>
          └ <fastapi.middleware.asyncexitstack.AsyncExitStackMiddleware object at 0x73ca7533d930>
  File "/home/amritcheema/Documents/Code/FastMVP/venv/lib/python3.10/site-packages/starlette/routing.py", line 716, in __call__
    await self.middleware_stack(scope, receive, send)
          │    │                │      │        └ <function wrap_app_handling_exceptions.<locals>.wrapped_app.<locals>.sender at 0x73ca753bfb50>
          │    │                │      └ <function BaseHTTPMiddleware.__call__.<locals>.call_next.<locals>.receive_or_disconnect at 0x73ca753bf760>
          │    │                └ {'type': 'http', 'asgi': {'version': '3.0', 'spec_version': '2.3'}, 'http_version': '1.1', 'server': ('127.0.0.1', 8000), 'cl...
          │    └ <bound method Router.app of <fastapi.routing.APIRouter object at 0x73ca76f19f00>>
          └ <fastapi.routing.APIRouter object at 0x73ca76f19f00>
  File "/home/amritcheema/Documents/Code/FastMVP/venv/lib/python3.10/site-packages/starlette/routing.py", line 736, in app
    await route.handle(scope, receive, send)
          │     │      │      │        └ <function wrap_app_handling_exceptions.<locals>.wrapped_app.<locals>.sender at 0x73ca753bfb50>
          │     │      │      └ <function BaseHTTPMiddleware.__call__.<locals>.call_next.<locals>.receive_or_disconnect at 0x73ca753bf760>
          │     │      └ {'type': 'http', 'asgi': {'version': '3.0', 'spec_version': '2.3'}, 'http_version': '1.1', 'server': ('127.0.0.1', 8000), 'cl...
          │     └ <function Route.handle at 0x73ca7a199630>
          └ APIRoute(path='/BLE/start', name='start_scan', methods=['GET'])
  File "/home/amritcheema/Documents/Code/FastMVP/venv/lib/python3.10/site-packages/starlette/routing.py", line 290, in handle
    await self.app(scope, receive, send)
          │    │   │      │        └ <function wrap_app_handling_exceptions.<locals>.wrapped_app.<locals>.sender at 0x73ca753bfb50>
          │    │   │      └ <function BaseHTTPMiddleware.__call__.<locals>.call_next.<locals>.receive_or_disconnect at 0x73ca753bf760>
          │    │   └ {'type': 'http', 'asgi': {'version': '3.0', 'spec_version': '2.3'}, 'http_version': '1.1', 'server': ('127.0.0.1', 8000), 'cl...
          │    └ <function request_response.<locals>.app at 0x73ca75331870>
          └ APIRoute(path='/BLE/start', name='start_scan', methods=['GET'])
  File "/home/amritcheema/Documents/Code/FastMVP/venv/lib/python3.10/site-packages/fastapi/routing.py", line 119, in app
    await wrap_app_handling_exceptions(app, request)(scope, receive, send)
          │                            │    │        │      │        └ <function wrap_app_handling_exceptions.<locals>.wrapped_app.<locals>.sender at 0x73ca753bfb50>
          │                            │    │        │      └ <function BaseHTTPMiddleware.__call__.<locals>.call_next.<locals>.receive_or_disconnect at 0x73ca753bf760>
          │                            │    │        └ {'type': 'http', 'asgi': {'version': '3.0', 'spec_version': '2.3'}, 'http_version': '1.1', 'server': ('127.0.0.1', 8000), 'cl...
          │                            │    └ <starlette.requests.Request object at 0x73ca753c8610>
          │                            └ <function request_response.<locals>.app.<locals>.app at 0x73ca753bfbe0>
          └ <function wrap_app_handling_exceptions at 0x73ca7a1980d0>
  File "/home/amritcheema/Documents/Code/FastMVP/venv/lib/python3.10/site-packages/starlette/_exception_handler.py", line 53, in wrapped_app
    raise exc
  File "/home/amritcheema/Documents/Code/FastMVP/venv/lib/python3.10/site-packages/starlette/_exception_handler.py", line 42, in wrapped_app
    await app(scope, receive, sender)
          │   │      │        └ <function wrap_app_handling_exceptions.<locals>.wrapped_app.<locals>.sender at 0x73ca753bfc70>
          │   │      └ <function BaseHTTPMiddleware.__call__.<locals>.call_next.<locals>.receive_or_disconnect at 0x73ca753bf760>
          │   └ {'type': 'http', 'asgi': {'version': '3.0', 'spec_version': '2.3'}, 'http_version': '1.1', 'server': ('127.0.0.1', 8000), 'cl...
          └ <function request_response.<locals>.app.<locals>.app at 0x73ca753bfbe0>
  File "/home/amritcheema/Documents/Code/FastMVP/venv/lib/python3.10/site-packages/fastapi/routing.py", line 105, in app
    response = await f(request)
                     │ └ <starlette.requests.Request object at 0x73ca753c8610>
                     └ <function get_request_handler.<locals>.app at 0x73ca753317e0>
  File "/home/amritcheema/Documents/Code/FastMVP/venv/lib/python3.10/site-packages/fastapi/routing.py", line 446, in app
    content = await serialize_response(
                    └ <function serialize_response at 0x73ca7a19b6d0>
  File "/home/amritcheema/Documents/Code/FastMVP/venv/lib/python3.10/site-packages/fastapi/routing.py", line 301, in serialize_response
    return jsonable_encoder(response_content)
           │                └ {'message': message: "Hello, Scan-with-! Your request was logged."
           │                  , 'status': 'success'}
           └ <function jsonable_encoder at 0x73ca7a1776d0>
  File "/home/amritcheema/Documents/Code/FastMVP/venv/lib/python3.10/site-packages/fastapi/encoders.py", line 289, in jsonable_encoder
    encoded_value = jsonable_encoder(
                    └ <function jsonable_encoder at 0x73ca7a1776d0>
  File "/home/amritcheema/Documents/Code/FastMVP/venv/lib/python3.10/site-packages/fastapi/encoders.py", line 337, in jsonable_encoder
    return jsonable_encoder(
           └ <function jsonable_encoder at 0x73ca7a1776d0>
  File "/home/amritcheema/Documents/Code/FastMVP/venv/lib/python3.10/site-packages/fastapi/encoders.py", line 337, in jsonable_encoder
    return jsonable_encoder(
           └ <function jsonable_encoder at 0x73ca7a1776d0>
  File "/home/amritcheema/Documents/Code/FastMVP/venv/lib/python3.10/site-packages/fastapi/encoders.py", line 289, in jsonable_encoder
    encoded_value = jsonable_encoder(
                    └ <function jsonable_encoder at 0x73ca7a1776d0>
  File "/home/amritcheema/Documents/Code/FastMVP/venv/lib/python3.10/site-packages/fastapi/encoders.py", line 336, in jsonable_encoder
    raise ValueError(errors) from e
                     └ [TypeError("'google._upb._message.Descriptor' object is not iterable"), TypeError('vars() argument must have __dict__ attribu...

ValueError: [TypeError("'google._upb._message.Descriptor' object is not iterable"), TypeError('vars() argument must have __dict__ attribute')]
2026-02-20 23:00:44 | ERROR    | core.engine:log_and_catch_middleware:103 - An error has been caught in function 'log_and_catch_middleware', process 'SpawnProcess-1' (130924), thread 'MainThread' (127313514823680):
Traceback (most recent call last):

  File "/home/amritcheema/Documents/Code/FastMVP/venv/lib/python3.10/site-packages/fastapi/encoders.py", line 328, in jsonable_encoder
    data = dict(obj)
                └ <google._upb._message.Descriptor object at 0x73ca79cee430>

TypeError: 'google._upb._message.Descriptor' object is not iterable


During handling of the above exception, another exception occurred:


Traceback (most recent call last):

  File "/home/amritcheema/Documents/Code/FastMVP/venv/lib/python3.10/site-packages/fastapi/encoders.py", line 333, in jsonable_encoder
    data = vars(obj)
                └ <google._upb._message.Descriptor object at 0x73ca79cee430>

TypeError: vars() argument must have __dict__ attribute


The above exception was the direct cause of the following exception:


Traceback (most recent call last):

  File "<string>", line 1, in <module>
  File "/usr/lib/python3.10/multiprocessing/spawn.py", line 116, in spawn_main
    exitcode = _main(fd, parent_sentinel)
               │     │   └ 3
               │     └ 21
               └ <function _main at 0x73ca7b71e560>
  File "/usr/lib/python3.10/multiprocessing/spawn.py", line 129, in _main
    return self._bootstrap(parent_sentinel)
           │    │          └ 3
           │    └ <function BaseProcess._bootstrap at 0x73ca7b839870>
           └ <SpawnProcess name='SpawnProcess-1' parent=130916 started>
  File "/usr/lib/python3.10/multiprocessing/process.py", line 314, in _bootstrap
    self.run()
    │    └ <function BaseProcess.run at 0x73ca7b838ee0>
    └ <SpawnProcess name='SpawnProcess-1' parent=130916 started>
  File "/usr/lib/python3.10/multiprocessing/process.py", line 108, in run
    self._target(*self._args, **self._kwargs)
    │    │        │    │        │    └ {'config': <uvicorn.config.Config object at 0x73ca7b722c20>, 'target': <bound method Server.run of <uvicorn.server.Server obj...
    │    │        │    │        └ <SpawnProcess name='SpawnProcess-1' parent=130916 started>
    │    │        │    └ ()
    │    │        └ <SpawnProcess name='SpawnProcess-1' parent=130916 started>
    │    └ <function subprocess_started at 0x73ca79954f70>
    └ <SpawnProcess name='SpawnProcess-1' parent=130916 started>
  File "/home/amritcheema/Documents/Code/FastMVP/venv/lib/python3.10/site-packages/uvicorn/_subprocess.py", line 80, in subprocess_started
    target(sockets=sockets)
    │              └ [<socket.socket fd=17, family=AddressFamily.AF_INET, type=SocketKind.SOCK_STREAM, proto=0, laddr=('127.0.0.1', 8000)>]
    └ <bound method Server.run of <uvicorn.server.Server object at 0x73ca7b722c80>>
  File "/home/amritcheema/Documents/Code/FastMVP/venv/lib/python3.10/site-packages/uvicorn/server.py", line 67, in run
    return asyncio_run(self.serve(sockets=sockets), loop_factory=self.config.get_loop_factory())
           │           │    │             │                      │    │      └ <function Config.get_loop_factory at 0x73ca79b2b9a0>
           │           │    │             │                      │    └ <uvicorn.config.Config object at 0x73ca7b722c20>
           │           │    │             │                      └ <uvicorn.server.Server object at 0x73ca7b722c80>
           │           │    │             └ [<socket.socket fd=17, family=AddressFamily.AF_INET, type=SocketKind.SOCK_STREAM, proto=0, laddr=('127.0.0.1', 8000)>]
           │           │    └ <function Server.serve at 0x73ca79954430>
           │           └ <uvicorn.server.Server object at 0x73ca7b722c80>
           └ <function asyncio_run at 0x73ca79b293f0>
  File "/home/amritcheema/Documents/Code/FastMVP/venv/lib/python3.10/site-packages/uvicorn/_compat.py", line 60, in asyncio_run
    return loop.run_until_complete(main)
           │    │                  └ <coroutine object Server.serve at 0x73ca78e22c70>
           │    └ <cyfunction Loop.run_until_complete at 0x73ca78ebc7c0>
           └ <uvloop.Loop running=True closed=False debug=False>
  File "/home/amritcheema/Documents/Code/FastMVP/venv/lib/python3.10/site-packages/uvicorn/protocols/http/httptools_impl.py", line 416, in run_asgi
    result = await app(  # type: ignore[func-returns-value]
                   └ <uvicorn.middleware.proxy_headers.ProxyHeadersMiddleware object at 0x73ca78e7a8c0>
  File "/home/amritcheema/Documents/Code/FastMVP/venv/lib/python3.10/site-packages/uvicorn/middleware/proxy_headers.py", line 60, in __call__
    return await self.app(scope, receive, send)
                 │    │   │      │        └ <bound method RequestResponseCycle.send of <uvicorn.protocols.http.httptools_impl.RequestResponseCycle object at 0x73ca753ca9...
                 │    │   │      └ <bound method RequestResponseCycle.receive of <uvicorn.protocols.http.httptools_impl.RequestResponseCycle object at 0x73ca753...
                 │    │   └ {'type': 'http', 'asgi': {'version': '3.0', 'spec_version': '2.3'}, 'http_version': '1.1', 'server': ('127.0.0.1', 8000), 'cl...
                 │    └ <fastapi.applications.FastAPI object at 0x73ca76e82470>
                 └ <uvicorn.middleware.proxy_headers.ProxyHeadersMiddleware object at 0x73ca78e7a8c0>
  File "/home/amritcheema/Documents/Code/FastMVP/venv/lib/python3.10/site-packages/fastapi/applications.py", line 1134, in __call__
    await super().__call__(scope, receive, send)
                           │      │        └ <bound method RequestResponseCycle.send of <uvicorn.protocols.http.httptools_impl.RequestResponseCycle object at 0x73ca753ca9...
                           │      └ <bound method RequestResponseCycle.receive of <uvicorn.protocols.http.httptools_impl.RequestResponseCycle object at 0x73ca753...
                           └ {'type': 'http', 'asgi': {'version': '3.0', 'spec_version': '2.3'}, 'http_version': '1.1', 'server': ('127.0.0.1', 8000), 'cl...
  File "/home/amritcheema/Documents/Code/FastMVP/venv/lib/python3.10/site-packages/starlette/applications.py", line 107, in __call__
    await self.middleware_stack(scope, receive, send)
          │    │                │      │        └ <bound method RequestResponseCycle.send of <uvicorn.protocols.http.httptools_impl.RequestResponseCycle object at 0x73ca753ca9...
          │    │                │      └ <bound method RequestResponseCycle.receive of <uvicorn.protocols.http.httptools_impl.RequestResponseCycle object at 0x73ca753...
          │    │                └ {'type': 'http', 'asgi': {'version': '3.0', 'spec_version': '2.3'}, 'http_version': '1.1', 'server': ('127.0.0.1', 8000), 'cl...
          │    └ <starlette.middleware.errors.ServerErrorMiddleware object at 0x73ca7533d420>
          └ <fastapi.applications.FastAPI object at 0x73ca76e82470>
  File "/home/amritcheema/Documents/Code/FastMVP/venv/lib/python3.10/site-packages/starlette/middleware/errors.py", line 164, in __call__
    await self.app(scope, receive, _send)
          │    │   │      │        └ <function ServerErrorMiddleware.__call__.<locals>._send at 0x73ca7430a950>
          │    │   │      └ <bound method RequestResponseCycle.receive of <uvicorn.protocols.http.httptools_impl.RequestResponseCycle object at 0x73ca753...
          │    │   └ {'type': 'http', 'asgi': {'version': '3.0', 'spec_version': '2.3'}, 'http_version': '1.1', 'server': ('127.0.0.1', 8000), 'cl...
          │    └ <starlette.middleware.base.BaseHTTPMiddleware object at 0x73ca7533d360>
          └ <starlette.middleware.errors.ServerErrorMiddleware object at 0x73ca7533d420>
  File "/home/amritcheema/Documents/Code/FastMVP/venv/lib/python3.10/site-packages/starlette/middleware/base.py", line 193, in __call__
    response = await self.dispatch_func(request, call_next)
                     │    │             │        └ <function BaseHTTPMiddleware.__call__.<locals>.call_next at 0x73ca7430a9e0>
                     │    │             └ <starlette.middleware.base._CachedRequest object at 0x73ca753ca7a0>
                     │    └ <function FastMVPEngine._setup_logging.<locals>.log_and_catch_middleware at 0x73ca76f5c310>
                     └ <starlette.middleware.base.BaseHTTPMiddleware object at 0x73ca7533d360>

> File "/home/amritcheema/Documents/Code/FastMVP/core/engine.py", line 104, in log_and_catch_middleware
    response = await call_next(request)
                     │         └ <starlette.middleware.base._CachedRequest object at 0x73ca753ca7a0>
                     └ <function BaseHTTPMiddleware.__call__.<locals>.call_next at 0x73ca7430a9e0>

  File "/home/amritcheema/Documents/Code/FastMVP/venv/lib/python3.10/site-packages/starlette/middleware/base.py", line 168, in call_next
    raise app_exc from app_exc.__cause__ or app_exc.__context__
          │            │       │            │       └ <attribute '__context__' of 'BaseException' objects>
          │            │       │            └ ValueError([TypeError("'google._upb._message.Descriptor' object is not iterable"), TypeError('vars() argument must have __dic...
          │            │       └ <attribute '__cause__' of 'BaseException' objects>
          │            └ ValueError([TypeError("'google._upb._message.Descriptor' object is not iterable"), TypeError('vars() argument must have __dic...
          └ ValueError([TypeError("'google._upb._message.Descriptor' object is not iterable"), TypeError('vars() argument must have __dic...
  File "/home/amritcheema/Documents/Code/FastMVP/venv/lib/python3.10/site-packages/starlette/middleware/base.py", line 144, in coro
    await self.app(scope, receive_or_disconnect, send_no_error)
          │    │   │      │                      └ <function BaseHTTPMiddleware.__call__.<locals>.call_next.<locals>.send_no_error at 0x73ca7430ad40>
          │    │   │      └ <function BaseHTTPMiddleware.__call__.<locals>.call_next.<locals>.receive_or_disconnect at 0x73ca7430aa70>
          │    │   └ {'type': 'http', 'asgi': {'version': '3.0', 'spec_version': '2.3'}, 'http_version': '1.1', 'server': ('127.0.0.1', 8000), 'cl...
          │    └ <starlette.middleware.exceptions.ExceptionMiddleware object at 0x73ca7533d4b0>
          └ <starlette.middleware.base.BaseHTTPMiddleware object at 0x73ca7533d360>
  File "/home/amritcheema/Documents/Code/FastMVP/venv/lib/python3.10/site-packages/starlette/middleware/exceptions.py", line 63, in __call__
    await wrap_app_handling_exceptions(self.app, conn)(scope, receive, send)
          │                            │    │    │     │      │        └ <function BaseHTTPMiddleware.__call__.<locals>.call_next.<locals>.send_no_error at 0x73ca7430ad40>
          │                            │    │    │     │      └ <function BaseHTTPMiddleware.__call__.<locals>.call_next.<locals>.receive_or_disconnect at 0x73ca7430aa70>
          │                            │    │    │     └ {'type': 'http', 'asgi': {'version': '3.0', 'spec_version': '2.3'}, 'http_version': '1.1', 'server': ('127.0.0.1', 8000), 'cl...
          │                            │    │    └ <starlette.requests.Request object at 0x73ca753cab00>
          │                            │    └ <fastapi.middleware.asyncexitstack.AsyncExitStackMiddleware object at 0x73ca7533d930>
          │                            └ <starlette.middleware.exceptions.ExceptionMiddleware object at 0x73ca7533d4b0>
          └ <function wrap_app_handling_exceptions at 0x73ca7a1980d0>
  File "/home/amritcheema/Documents/Code/FastMVP/venv/lib/python3.10/site-packages/starlette/_exception_handler.py", line 53, in wrapped_app
    raise exc
  File "/home/amritcheema/Documents/Code/FastMVP/venv/lib/python3.10/site-packages/starlette/_exception_handler.py", line 42, in wrapped_app
    await app(scope, receive, sender)
          │   │      │        └ <function wrap_app_handling_exceptions.<locals>.wrapped_app.<locals>.sender at 0x73ca7430af80>
          │   │      └ <function BaseHTTPMiddleware.__call__.<locals>.call_next.<locals>.receive_or_disconnect at 0x73ca7430aa70>
          │   └ {'type': 'http', 'asgi': {'version': '3.0', 'spec_version': '2.3'}, 'http_version': '1.1', 'server': ('127.0.0.1', 8000), 'cl...
          └ <fastapi.middleware.asyncexitstack.AsyncExitStackMiddleware object at 0x73ca7533d930>
  File "/home/amritcheema/Documents/Code/FastMVP/venv/lib/python3.10/site-packages/fastapi/middleware/asyncexitstack.py", line 18, in __call__
    await self.app(scope, receive, send)
          │    │   │      │        └ <function wrap_app_handling_exceptions.<locals>.wrapped_app.<locals>.sender at 0x73ca7430af80>
          │    │   │      └ <function BaseHTTPMiddleware.__call__.<locals>.call_next.<locals>.receive_or_disconnect at 0x73ca7430aa70>
          │    │   └ {'type': 'http', 'asgi': {'version': '3.0', 'spec_version': '2.3'}, 'http_version': '1.1', 'server': ('127.0.0.1', 8000), 'cl...
          │    └ <fastapi.routing.APIRouter object at 0x73ca76f19f00>
          └ <fastapi.middleware.asyncexitstack.AsyncExitStackMiddleware object at 0x73ca7533d930>
  File "/home/amritcheema/Documents/Code/FastMVP/venv/lib/python3.10/site-packages/starlette/routing.py", line 716, in __call__
    await self.middleware_stack(scope, receive, send)
          │    │                │      │        └ <function wrap_app_handling_exceptions.<locals>.wrapped_app.<locals>.sender at 0x73ca7430af80>
          │    │                │      └ <function BaseHTTPMiddleware.__call__.<locals>.call_next.<locals>.receive_or_disconnect at 0x73ca7430aa70>
          │    │                └ {'type': 'http', 'asgi': {'version': '3.0', 'spec_version': '2.3'}, 'http_version': '1.1', 'server': ('127.0.0.1', 8000), 'cl...
          │    └ <bound method Router.app of <fastapi.routing.APIRouter object at 0x73ca76f19f00>>
          └ <fastapi.routing.APIRouter object at 0x73ca76f19f00>
  File "/home/amritcheema/Documents/Code/FastMVP/venv/lib/python3.10/site-packages/starlette/routing.py", line 736, in app
    await route.handle(scope, receive, send)
          │     │      │      │        └ <function wrap_app_handling_exceptions.<locals>.wrapped_app.<locals>.sender at 0x73ca7430af80>
          │     │      │      └ <function BaseHTTPMiddleware.__call__.<locals>.call_next.<locals>.receive_or_disconnect at 0x73ca7430aa70>
          │     │      └ {'type': 'http', 'asgi': {'version': '3.0', 'spec_version': '2.3'}, 'http_version': '1.1', 'server': ('127.0.0.1', 8000), 'cl...
          │     └ <function Route.handle at 0x73ca7a199630>
          └ APIRoute(path='/BLE/start', name='start_scan', methods=['GET'])
  File "/home/amritcheema/Documents/Code/FastMVP/venv/lib/python3.10/site-packages/starlette/routing.py", line 290, in handle
    await self.app(scope, receive, send)
          │    │   │      │        └ <function wrap_app_handling_exceptions.<locals>.wrapped_app.<locals>.sender at 0x73ca7430af80>
          │    │   │      └ <function BaseHTTPMiddleware.__call__.<locals>.call_next.<locals>.receive_or_disconnect at 0x73ca7430aa70>
          │    │   └ {'type': 'http', 'asgi': {'version': '3.0', 'spec_version': '2.3'}, 'http_version': '1.1', 'server': ('127.0.0.1', 8000), 'cl...
          │    └ <function request_response.<locals>.app at 0x73ca75331870>
          └ APIRoute(path='/BLE/start', name='start_scan', methods=['GET'])
  File "/home/amritcheema/Documents/Code/FastMVP/venv/lib/python3.10/site-packages/fastapi/routing.py", line 119, in app
    await wrap_app_handling_exceptions(app, request)(scope, receive, send)
          │                            │    │        │      │        └ <function wrap_app_handling_exceptions.<locals>.wrapped_app.<locals>.sender at 0x73ca7430af80>
          │                            │    │        │      └ <function BaseHTTPMiddleware.__call__.<locals>.call_next.<locals>.receive_or_disconnect at 0x73ca7430aa70>
          │                            │    │        └ {'type': 'http', 'asgi': {'version': '3.0', 'spec_version': '2.3'}, 'http_version': '1.1', 'server': ('127.0.0.1', 8000), 'cl...
          │                            │    └ <starlette.requests.Request object at 0x73ca753c8a60>
          │                            └ <function request_response.<locals>.app.<locals>.app at 0x73ca7430b010>
          └ <function wrap_app_handling_exceptions at 0x73ca7a1980d0>
  File "/home/amritcheema/Documents/Code/FastMVP/venv/lib/python3.10/site-packages/starlette/_exception_handler.py", line 53, in wrapped_app
    raise exc
  File "/home/amritcheema/Documents/Code/FastMVP/venv/lib/python3.10/site-packages/starlette/_exception_handler.py", line 42, in wrapped_app
    await app(scope, receive, sender)
          │   │      │        └ <function wrap_app_handling_exceptions.<locals>.wrapped_app.<locals>.sender at 0x73ca7430b0a0>
          │   │      └ <function BaseHTTPMiddleware.__call__.<locals>.call_next.<locals>.receive_or_disconnect at 0x73ca7430aa70>
          │   └ {'type': 'http', 'asgi': {'version': '3.0', 'spec_version': '2.3'}, 'http_version': '1.1', 'server': ('127.0.0.1', 8000), 'cl...
          └ <function request_response.<locals>.app.<locals>.app at 0x73ca7430b010>
  File "/home/amritcheema/Documents/Code/FastMVP/venv/lib/python3.10/site-packages/fastapi/routing.py", line 105, in app
    response = await f(request)
                     │ └ <starlette.requests.Request object at 0x73ca753c8a60>
                     └ <function get_request_handler.<locals>.app at 0x73ca753317e0>
  File "/home/amritcheema/Documents/Code/FastMVP/venv/lib/python3.10/site-packages/fastapi/routing.py", line 446, in app
    content = await serialize_response(
                    └ <function serialize_response at 0x73ca7a19b6d0>
  File "/home/amritcheema/Documents/Code/FastMVP/venv/lib/python3.10/site-packages/fastapi/routing.py", line 301, in serialize_response
    return jsonable_encoder(response_content)
           │                └ {'message': message: "Hello, Scan-with-! Your request was logged."
           │                  , 'status': 'success'}
           └ <function jsonable_encoder at 0x73ca7a1776d0>
  File "/home/amritcheema/Documents/Code/FastMVP/venv/lib/python3.10/site-packages/fastapi/encoders.py", line 289, in jsonable_encoder
    encoded_value = jsonable_encoder(
                    └ <function jsonable_encoder at 0x73ca7a1776d0>
  File "/home/amritcheema/Documents/Code/FastMVP/venv/lib/python3.10/site-packages/fastapi/encoders.py", line 337, in jsonable_encoder
    return jsonable_encoder(
           └ <function jsonable_encoder at 0x73ca7a1776d0>
  File "/home/amritcheema/Documents/Code/FastMVP/venv/lib/python3.10/site-packages/fastapi/encoders.py", line 337, in jsonable_encoder
    return jsonable_encoder(
           └ <function jsonable_encoder at 0x73ca7a1776d0>
  File "/home/amritcheema/Documents/Code/FastMVP/venv/lib/python3.10/site-packages/fastapi/encoders.py", line 289, in jsonable_encoder
    encoded_value = jsonable_encoder(
                    └ <function jsonable_encoder at 0x73ca7a1776d0>
  File "/home/amritcheema/Documents/Code/FastMVP/venv/lib/python3.10/site-packages/fastapi/encoders.py", line 336, in jsonable_encoder
    raise ValueError(errors) from e
                     └ [TypeError("'google._upb._message.Descriptor' object is not iterable"), TypeError('vars() argument must have __dict__ attribu...

ValueError: [TypeError("'google._upb._message.Descriptor' object is not iterable"), TypeError('vars() argument must have __dict__ attribute')]
2026-02-20 23:00:49 | ERROR    | core.engine:log_and_catch_middleware:103 - An error has been caught in function 'log_and_catch_middleware', process 'SpawnProcess-1' (130924), thread 'MainThread' (127313514823680):
Traceback (most recent call last):

  File "/home/amritcheema/Documents/Code/FastMVP/venv/lib/python3.10/site-packages/fastapi/encoders.py", line 328, in jsonable_encoder
    data = dict(obj)
                └ <google._upb._message.Descriptor object at 0x73ca79cee430>

TypeError: 'google._upb._message.Descriptor' object is not iterable


During handling of the above exception, another exception occurred:


Traceback (most recent call last):

  File "/home/amritcheema/Documents/Code/FastMVP/venv/lib/python3.10/site-packages/fastapi/encoders.py", line 333, in jsonable_encoder
    data = vars(obj)
                └ <google._upb._message.Descriptor object at 0x73ca79cee430>

TypeError: vars() argument must have __dict__ attribute


The above exception was the direct cause of the following exception:


Traceback (most recent call last):

  File "<string>", line 1, in <module>
  File "/usr/lib/python3.10/multiprocessing/spawn.py", line 116, in spawn_main
    exitcode = _main(fd, parent_sentinel)
               │     │   └ 3
               │     └ 21
               └ <function _main at 0x73ca7b71e560>
  File "/usr/lib/python3.10/multiprocessing/spawn.py", line 129, in _main
    return self._bootstrap(parent_sentinel)
           │    │          └ 3
           │    └ <function BaseProcess._bootstrap at 0x73ca7b839870>
           └ <SpawnProcess name='SpawnProcess-1' parent=130916 started>
  File "/usr/lib/python3.10/multiprocessing/process.py", line 314, in _bootstrap
    self.run()
    │    └ <function BaseProcess.run at 0x73ca7b838ee0>
    └ <SpawnProcess name='SpawnProcess-1' parent=130916 started>
  File "/usr/lib/python3.10/multiprocessing/process.py", line 108, in run
    self._target(*self._args, **self._kwargs)
    │    │        │    │        │    └ {'config': <uvicorn.config.Config object at 0x73ca7b722c20>, 'target': <bound method Server.run of <uvicorn.server.Server obj...
    │    │        │    │        └ <SpawnProcess name='SpawnProcess-1' parent=130916 started>
    │    │        │    └ ()
    │    │        └ <SpawnProcess name='SpawnProcess-1' parent=130916 started>
    │    └ <function subprocess_started at 0x73ca79954f70>
    └ <SpawnProcess name='SpawnProcess-1' parent=130916 started>
  File "/home/amritcheema/Documents/Code/FastMVP/venv/lib/python3.10/site-packages/uvicorn/_subprocess.py", line 80, in subprocess_started
    target(sockets=sockets)
    │              └ [<socket.socket fd=17, family=AddressFamily.AF_INET, type=SocketKind.SOCK_STREAM, proto=0, laddr=('127.0.0.1', 8000)>]
    └ <bound method Server.run of <uvicorn.server.Server object at 0x73ca7b722c80>>
  File "/home/amritcheema/Documents/Code/FastMVP/venv/lib/python3.10/site-packages/uvicorn/server.py", line 67, in run
    return asyncio_run(self.serve(sockets=sockets), loop_factory=self.config.get_loop_factory())
           │           │    │             │                      │    │      └ <function Config.get_loop_factory at 0x73ca79b2b9a0>
           │           │    │             │                      │    └ <uvicorn.config.Config object at 0x73ca7b722c20>
           │           │    │             │                      └ <uvicorn.server.Server object at 0x73ca7b722c80>
           │           │    │             └ [<socket.socket fd=17, family=AddressFamily.AF_INET, type=SocketKind.SOCK_STREAM, proto=0, laddr=('127.0.0.1', 8000)>]
           │           │    └ <function Server.serve at 0x73ca79954430>
           │           └ <uvicorn.server.Server object at 0x73ca7b722c80>
           └ <function asyncio_run at 0x73ca79b293f0>
  File "/home/amritcheema/Documents/Code/FastMVP/venv/lib/python3.10/site-packages/uvicorn/_compat.py", line 60, in asyncio_run
    return loop.run_until_complete(main)
           │    │                  └ <coroutine object Server.serve at 0x73ca78e22c70>
           │    └ <cyfunction Loop.run_until_complete at 0x73ca78ebc7c0>
           └ <uvloop.Loop running=True closed=False debug=False>
  File "/home/amritcheema/Documents/Code/FastMVP/venv/lib/python3.10/site-packages/uvicorn/protocols/http/httptools_impl.py", line 416, in run_asgi
    result = await app(  # type: ignore[func-returns-value]
                   └ <uvicorn.middleware.proxy_headers.ProxyHeadersMiddleware object at 0x73ca78e7a8c0>
  File "/home/amritcheema/Documents/Code/FastMVP/venv/lib/python3.10/site-packages/uvicorn/middleware/proxy_headers.py", line 60, in __call__
    return await self.app(scope, receive, send)
                 │    │   │      │        └ <bound method RequestResponseCycle.send of <uvicorn.protocols.http.httptools_impl.RequestResponseCycle object at 0x73ca753c90...
                 │    │   │      └ <bound method RequestResponseCycle.receive of <uvicorn.protocols.http.httptools_impl.RequestResponseCycle object at 0x73ca753...
                 │    │   └ {'type': 'http', 'asgi': {'version': '3.0', 'spec_version': '2.3'}, 'http_version': '1.1', 'server': ('127.0.0.1', 8000), 'cl...
                 │    └ <fastapi.applications.FastAPI object at 0x73ca76e82470>
                 └ <uvicorn.middleware.proxy_headers.ProxyHeadersMiddleware object at 0x73ca78e7a8c0>
  File "/home/amritcheema/Documents/Code/FastMVP/venv/lib/python3.10/site-packages/fastapi/applications.py", line 1134, in __call__
    await super().__call__(scope, receive, send)
                           │      │        └ <bound method RequestResponseCycle.send of <uvicorn.protocols.http.httptools_impl.RequestResponseCycle object at 0x73ca753c90...
                           │      └ <bound method RequestResponseCycle.receive of <uvicorn.protocols.http.httptools_impl.RequestResponseCycle object at 0x73ca753...
                           └ {'type': 'http', 'asgi': {'version': '3.0', 'spec_version': '2.3'}, 'http_version': '1.1', 'server': ('127.0.0.1', 8000), 'cl...
  File "/home/amritcheema/Documents/Code/FastMVP/venv/lib/python3.10/site-packages/starlette/applications.py", line 107, in __call__
    await self.middleware_stack(scope, receive, send)
          │    │                │      │        └ <bound method RequestResponseCycle.send of <uvicorn.protocols.http.httptools_impl.RequestResponseCycle object at 0x73ca753c90...
          │    │                │      └ <bound method RequestResponseCycle.receive of <uvicorn.protocols.http.httptools_impl.RequestResponseCycle object at 0x73ca753...
          │    │                └ {'type': 'http', 'asgi': {'version': '3.0', 'spec_version': '2.3'}, 'http_version': '1.1', 'server': ('127.0.0.1', 8000), 'cl...
          │    └ <starlette.middleware.errors.ServerErrorMiddleware object at 0x73ca7533d420>
          └ <fastapi.applications.FastAPI object at 0x73ca76e82470>
  File "/home/amritcheema/Documents/Code/FastMVP/venv/lib/python3.10/site-packages/starlette/middleware/errors.py", line 164, in __call__
    await self.app(scope, receive, _send)
          │    │   │      │        └ <function ServerErrorMiddleware.__call__.<locals>._send at 0x73ca7430aef0>
          │    │   │      └ <bound method RequestResponseCycle.receive of <uvicorn.protocols.http.httptools_impl.RequestResponseCycle object at 0x73ca753...
          │    │   └ {'type': 'http', 'asgi': {'version': '3.0', 'spec_version': '2.3'}, 'http_version': '1.1', 'server': ('127.0.0.1', 8000), 'cl...
          │    └ <starlette.middleware.base.BaseHTTPMiddleware object at 0x73ca7533d360>
          └ <starlette.middleware.errors.ServerErrorMiddleware object at 0x73ca7533d420>
  File "/home/amritcheema/Documents/Code/FastMVP/venv/lib/python3.10/site-packages/starlette/middleware/base.py", line 193, in __call__
    response = await self.dispatch_func(request, call_next)
                     │    │             │        └ <function BaseHTTPMiddleware.__call__.<locals>.call_next at 0x73ca7430b130>
                     │    │             └ <starlette.middleware.base._CachedRequest object at 0x73ca753c9660>
                     │    └ <function FastMVPEngine._setup_logging.<locals>.log_and_catch_middleware at 0x73ca76f5c310>
                     └ <starlette.middleware.base.BaseHTTPMiddleware object at 0x73ca7533d360>

> File "/home/amritcheema/Documents/Code/FastMVP/core/engine.py", line 104, in log_and_catch_middleware
    response = await call_next(request)
                     │         └ <starlette.middleware.base._CachedRequest object at 0x73ca753c9660>
                     └ <function BaseHTTPMiddleware.__call__.<locals>.call_next at 0x73ca7430b130>

  File "/home/amritcheema/Documents/Code/FastMVP/venv/lib/python3.10/site-packages/starlette/middleware/base.py", line 168, in call_next
    raise app_exc from app_exc.__cause__ or app_exc.__context__
          │            │       │            │       └ <attribute '__context__' of 'BaseException' objects>
          │            │       │            └ ValueError([TypeError("'google._upb._message.Descriptor' object is not iterable"), TypeError('vars() argument must have __dic...
          │            │       └ <attribute '__cause__' of 'BaseException' objects>
          │            └ ValueError([TypeError("'google._upb._message.Descriptor' object is not iterable"), TypeError('vars() argument must have __dic...
          └ ValueError([TypeError("'google._upb._message.Descriptor' object is not iterable"), TypeError('vars() argument must have __dic...
  File "/home/amritcheema/Documents/Code/FastMVP/venv/lib/python3.10/site-packages/starlette/middleware/base.py", line 144, in coro
    await self.app(scope, receive_or_disconnect, send_no_error)
          │    │   │      │                      └ <function BaseHTTPMiddleware.__call__.<locals>.call_next.<locals>.send_no_error at 0x73ca7430b520>
          │    │   │      └ <function BaseHTTPMiddleware.__call__.<locals>.call_next.<locals>.receive_or_disconnect at 0x73ca7430b2e0>
          │    │   └ {'type': 'http', 'asgi': {'version': '3.0', 'spec_version': '2.3'}, 'http_version': '1.1', 'server': ('127.0.0.1', 8000), 'cl...
          │    └ <starlette.middleware.exceptions.ExceptionMiddleware object at 0x73ca7533d4b0>
          └ <starlette.middleware.base.BaseHTTPMiddleware object at 0x73ca7533d360>
  File "/home/amritcheema/Documents/Code/FastMVP/venv/lib/python3.10/site-packages/starlette/middleware/exceptions.py", line 63, in __call__
    await wrap_app_handling_exceptions(self.app, conn)(scope, receive, send)
          │                            │    │    │     │      │        └ <function BaseHTTPMiddleware.__call__.<locals>.call_next.<locals>.send_no_error at 0x73ca7430b520>
          │                            │    │    │     │      └ <function BaseHTTPMiddleware.__call__.<locals>.call_next.<locals>.receive_or_disconnect at 0x73ca7430b2e0>
          │                            │    │    │     └ {'type': 'http', 'asgi': {'version': '3.0', 'spec_version': '2.3'}, 'http_version': '1.1', 'server': ('127.0.0.1', 8000), 'cl...
          │                            │    │    └ <starlette.requests.Request object at 0x73ca753c9de0>
          │                            │    └ <fastapi.middleware.asyncexitstack.AsyncExitStackMiddleware object at 0x73ca7533d930>
          │                            └ <starlette.middleware.exceptions.ExceptionMiddleware object at 0x73ca7533d4b0>
          └ <function wrap_app_handling_exceptions at 0x73ca7a1980d0>
  File "/home/amritcheema/Documents/Code/FastMVP/venv/lib/python3.10/site-packages/starlette/_exception_handler.py", line 53, in wrapped_app
    raise exc
  File "/home/amritcheema/Documents/Code/FastMVP/venv/lib/python3.10/site-packages/starlette/_exception_handler.py", line 42, in wrapped_app
    await app(scope, receive, sender)
          │   │      │        └ <function wrap_app_handling_exceptions.<locals>.wrapped_app.<locals>.sender at 0x73ca7430b760>
          │   │      └ <function BaseHTTPMiddleware.__call__.<locals>.call_next.<locals>.receive_or_disconnect at 0x73ca7430b2e0>
          │   └ {'type': 'http', 'asgi': {'version': '3.0', 'spec_version': '2.3'}, 'http_version': '1.1', 'server': ('127.0.0.1', 8000), 'cl...
          └ <fastapi.middleware.asyncexitstack.AsyncExitStackMiddleware object at 0x73ca7533d930>
  File "/home/amritcheema/Documents/Code/FastMVP/venv/lib/python3.10/site-packages/fastapi/middleware/asyncexitstack.py", line 18, in __call__
    await self.app(scope, receive, send)
          │    │   │      │        └ <function wrap_app_handling_exceptions.<locals>.wrapped_app.<locals>.sender at 0x73ca7430b760>
          │    │   │      └ <function BaseHTTPMiddleware.__call__.<locals>.call_next.<locals>.receive_or_disconnect at 0x73ca7430b2e0>
          │    │   └ {'type': 'http', 'asgi': {'version': '3.0', 'spec_version': '2.3'}, 'http_version': '1.1', 'server': ('127.0.0.1', 8000), 'cl...
          │    └ <fastapi.routing.APIRouter object at 0x73ca76f19f00>
          └ <fastapi.middleware.asyncexitstack.AsyncExitStackMiddleware object at 0x73ca7533d930>
  File "/home/amritcheema/Documents/Code/FastMVP/venv/lib/python3.10/site-packages/starlette/routing.py", line 716, in __call__
    await self.middleware_stack(scope, receive, send)
          │    │                │      │        └ <function wrap_app_handling_exceptions.<locals>.wrapped_app.<locals>.sender at 0x73ca7430b760>
          │    │                │      └ <function BaseHTTPMiddleware.__call__.<locals>.call_next.<locals>.receive_or_disconnect at 0x73ca7430b2e0>
          │    │                └ {'type': 'http', 'asgi': {'version': '3.0', 'spec_version': '2.3'}, 'http_version': '1.1', 'server': ('127.0.0.1', 8000), 'cl...
          │    └ <bound method Router.app of <fastapi.routing.APIRouter object at 0x73ca76f19f00>>
          └ <fastapi.routing.APIRouter object at 0x73ca76f19f00>
  File "/home/amritcheema/Documents/Code/FastMVP/venv/lib/python3.10/site-packages/starlette/routing.py", line 736, in app
    await route.handle(scope, receive, send)
          │     │      │      │        └ <function wrap_app_handling_exceptions.<locals>.wrapped_app.<locals>.sender at 0x73ca7430b760>
          │     │      │      └ <function BaseHTTPMiddleware.__call__.<locals>.call_next.<locals>.receive_or_disconnect at 0x73ca7430b2e0>
          │     │      └ {'type': 'http', 'asgi': {'version': '3.0', 'spec_version': '2.3'}, 'http_version': '1.1', 'server': ('127.0.0.1', 8000), 'cl...
          │     └ <function Route.handle at 0x73ca7a199630>
          └ APIRoute(path='/BLE/start', name='start_scan', methods=['GET'])
  File "/home/amritcheema/Documents/Code/FastMVP/venv/lib/python3.10/site-packages/starlette/routing.py", line 290, in handle
    await self.app(scope, receive, send)
          │    │   │      │        └ <function wrap_app_handling_exceptions.<locals>.wrapped_app.<locals>.sender at 0x73ca7430b760>
          │    │   │      └ <function BaseHTTPMiddleware.__call__.<locals>.call_next.<locals>.receive_or_disconnect at 0x73ca7430b2e0>
          │    │   └ {'type': 'http', 'asgi': {'version': '3.0', 'spec_version': '2.3'}, 'http_version': '1.1', 'server': ('127.0.0.1', 8000), 'cl...
          │    └ <function request_response.<locals>.app at 0x73ca75331870>
          └ APIRoute(path='/BLE/start', name='start_scan', methods=['GET'])
  File "/home/amritcheema/Documents/Code/FastMVP/venv/lib/python3.10/site-packages/fastapi/routing.py", line 119, in app
    await wrap_app_handling_exceptions(app, request)(scope, receive, send)
          │                            │    │        │      │        └ <function wrap_app_handling_exceptions.<locals>.wrapped_app.<locals>.sender at 0x73ca7430b760>
          │                            │    │        │      └ <function BaseHTTPMiddleware.__call__.<locals>.call_next.<locals>.receive_or_disconnect at 0x73ca7430b2e0>
          │                            │    │        └ {'type': 'http', 'asgi': {'version': '3.0', 'spec_version': '2.3'}, 'http_version': '1.1', 'server': ('127.0.0.1', 8000), 'cl...
          │                            │    └ <starlette.requests.Request object at 0x73ca7533f880>
          │                            └ <function request_response.<locals>.app.<locals>.app at 0x73ca7430a9e0>
          └ <function wrap_app_handling_exceptions at 0x73ca7a1980d0>
  File "/home/amritcheema/Documents/Code/FastMVP/venv/lib/python3.10/site-packages/starlette/_exception_handler.py", line 53, in wrapped_app
    raise exc
  File "/home/amritcheema/Documents/Code/FastMVP/venv/lib/python3.10/site-packages/starlette/_exception_handler.py", line 42, in wrapped_app
    await app(scope, receive, sender)
          │   │      │        └ <function wrap_app_handling_exceptions.<locals>.wrapped_app.<locals>.sender at 0x73ca7430a950>
          │   │      └ <function BaseHTTPMiddleware.__call__.<locals>.call_next.<locals>.receive_or_disconnect at 0x73ca7430b2e0>
          │   └ {'type': 'http', 'asgi': {'version': '3.0', 'spec_version': '2.3'}, 'http_version': '1.1', 'server': ('127.0.0.1', 8000), 'cl...
          └ <function request_response.<locals>.app.<locals>.app at 0x73ca7430a9e0>
  File "/home/amritcheema/Documents/Code/FastMVP/venv/lib/python3.10/site-packages/fastapi/routing.py", line 105, in app
    response = await f(request)
                     │ └ <starlette.requests.Request object at 0x73ca7533f880>
                     └ <function get_request_handler.<locals>.app at 0x73ca753317e0>
  File "/home/amritcheema/Documents/Code/FastMVP/venv/lib/python3.10/site-packages/fastapi/routing.py", line 446, in app
    content = await serialize_response(
                    └ <function serialize_response at 0x73ca7a19b6d0>
  File "/home/amritcheema/Documents/Code/FastMVP/venv/lib/python3.10/site-packages/fastapi/routing.py", line 301, in serialize_response
    return jsonable_encoder(response_content)
           │                └ {'message': message: "Hello, Scan-with-! Your request was logged."
           │                  , 'status': 'success'}
           └ <function jsonable_encoder at 0x73ca7a1776d0>
  File "/home/amritcheema/Documents/Code/FastMVP/venv/lib/python3.10/site-packages/fastapi/encoders.py", line 289, in jsonable_encoder
    encoded_value = jsonable_encoder(
                    └ <function jsonable_encoder at 0x73ca7a1776d0>
  File "/home/amritcheema/Documents/Code/FastMVP/venv/lib/python3.10/site-packages/fastapi/encoders.py", line 337, in jsonable_encoder
    return jsonable_encoder(
           └ <function jsonable_encoder at 0x73ca7a1776d0>
  File "/home/amritcheema/Documents/Code/FastMVP/venv/lib/python3.10/site-packages/fastapi/encoders.py", line 337, in jsonable_encoder
    return jsonable_encoder(
           └ <function jsonable_encoder at 0x73ca7a1776d0>
  File "/home/amritcheema/Documents/Code/FastMVP/venv/lib/python3.10/site-packages/fastapi/encoders.py", line 289, in jsonable_encoder
    encoded_value = jsonable_encoder(
                    └ <function jsonable_encoder at 0x73ca7a1776d0>
  File "/home/amritcheema/Documents/Code/FastMVP/venv/lib/python3.10/site-packages/fastapi/encoders.py", line 336, in jsonable_encoder
    raise ValueError(errors) from e
                     └ [TypeError("'google._upb._message.Descriptor' object is not iterable"), TypeError('vars() argument must have __dict__ attribu...

ValueError: [TypeError("'google._upb._message.Descriptor' object is not iterable"), TypeError('vars() argument must have __dict__ attribute')]
